<?xml version="1.0" encoding="UTF-8"?>
<coverage generated="1757264185462" clover="3.2.0">
  <project timestamp="1757264185462" name="All files">
    <metrics statements="377" coveredstatements="361" conditionals="94" coveredconditionals="81" methods="103" coveredmethods="92" elements="574" coveredelements="534" complexity="0" loc="377" ncloc="377" packages="16" files="21" classes="21"/>
    <package name="components">
      <metrics statements="16" coveredstatements="16" conditionals="0" coveredconditionals="0" methods="0" coveredmethods="0"/>
      <file name="index.ts" path="/Users/oleksandr.kaminsky/Desktop/P/battleship/src/components/index.ts">
        <metrics statements="16" coveredstatements="16" conditionals="0" coveredconditionals="0" methods="0" coveredmethods="0"/>
        <line num="1" count="3" type="stmt"/>
        <line num="2" count="3" type="stmt"/>
        <line num="3" count="3" type="stmt"/>
        <line num="4" count="3" type="stmt"/>
        <line num="5" count="3" type="stmt"/>
        <line num="6" count="3" type="stmt"/>
        <line num="7" count="3" type="stmt"/>
        <line num="8" count="3" type="stmt"/>
        <line num="11" count="3" type="stmt"/>
        <line num="12" count="3" type="stmt"/>
        <line num="13" count="3" type="stmt"/>
        <line num="14" count="3" type="stmt"/>
        <line num="15" count="3" type="stmt"/>
        <line num="16" count="3" type="stmt"/>
        <line num="17" count="3" type="stmt"/>
        <line num="18" count="3" type="stmt"/>
      </file>
    </package>
    <package name="components.Cell">
      <metrics statements="6" coveredstatements="6" conditionals="0" coveredconditionals="0" methods="1" coveredmethods="1"/>
      <file name="Cell.tsx" path="/Users/oleksandr.kaminsky/Desktop/P/battleship/src/components/Cell/Cell.tsx">
        <metrics statements="6" coveredstatements="6" conditionals="0" coveredconditionals="0" methods="1" coveredmethods="1"/>
        <line num="1" count="4" type="stmt"/>
        <line num="2" count="4" type="stmt"/>
        <line num="16" count="4" type="stmt"/>
        <line num="26" count="8" type="stmt"/>
        <line num="46" count="8" type="stmt"/>
        <line num="57" count="4" type="stmt"/>
      </file>
    </package>
    <package name="components.Footer">
      <metrics statements="4" coveredstatements="4" conditionals="0" coveredconditionals="0" methods="1" coveredmethods="1"/>
      <file name="Footer.tsx" path="/Users/oleksandr.kaminsky/Desktop/P/battleship/src/components/Footer/Footer.tsx">
        <metrics statements="4" coveredstatements="4" conditionals="0" coveredconditionals="0" methods="1" coveredmethods="1"/>
        <line num="1" count="4" type="stmt"/>
        <line num="3" count="4" type="stmt"/>
        <line num="4" count="1" type="stmt"/>
        <line num="18" count="4" type="stmt"/>
      </file>
    </package>
    <package name="components.Header">
      <metrics statements="3" coveredstatements="2" conditionals="0" coveredconditionals="0" methods="1" coveredmethods="0"/>
      <file name="Header.tsx" path="/Users/oleksandr.kaminsky/Desktop/P/battleship/src/components/Header/Header.tsx">
        <metrics statements="3" coveredstatements="2" conditionals="0" coveredconditionals="0" methods="1" coveredmethods="0"/>
        <line num="1" count="3" type="stmt"/>
        <line num="2" count="0" type="stmt"/>
        <line num="9" count="3" type="stmt"/>
      </file>
    </package>
    <package name="components.Modal">
      <metrics statements="26" coveredstatements="23" conditionals="17" coveredconditionals="13" methods="4" coveredmethods="4"/>
      <file name="Modal.tsx" path="/Users/oleksandr.kaminsky/Desktop/P/battleship/src/components/Modal/Modal.tsx">
        <metrics statements="26" coveredstatements="23" conditionals="17" coveredconditionals="13" methods="4" coveredmethods="4"/>
        <line num="1" count="4" type="stmt"/>
        <line num="13" count="4" type="stmt"/>
        <line num="21" count="8" type="stmt"/>
        <line num="22" count="8" type="cond" truecount="3" falsecount="1"/>
        <line num="24" count="2" type="stmt"/>
        <line num="26" count="3" type="stmt"/>
        <line num="30" count="3" type="stmt"/>
        <line num="34" count="0" type="stmt"/>
        <line num="38" count="8" type="stmt"/>
        <line num="39" count="3" type="cond" truecount="3" falsecount="1"/>
        <line num="41" count="1" type="stmt"/>
        <line num="42" count="1" type="stmt"/>
        <line num="44" count="1" type="stmt"/>
        <line num="45" count="1" type="stmt"/>
        <line num="47" count="1" type="stmt"/>
        <line num="48" count="1" type="stmt"/>
        <line num="50" count="0" type="stmt"/>
        <line num="54" count="8" type="stmt"/>
        <line num="55" count="8" type="cond" truecount="3" falsecount="1"/>
        <line num="57" count="2" type="stmt"/>
        <line num="59" count="3" type="stmt"/>
        <line num="61" count="3" type="stmt"/>
        <line num="63" count="0" type="stmt"/>
        <line num="67" count="8" type="cond" truecount="0" falsecount="1"/>
        <line num="69" count="8" type="stmt"/>
        <line num="84" count="4" type="stmt"/>
      </file>
    </package>
    <package name="components.PlacementBoard">
      <metrics statements="22" coveredstatements="17" conditionals="0" coveredconditionals="0" methods="7" coveredmethods="2"/>
      <file name="PlacementBoard.tsx" path="/Users/oleksandr.kaminsky/Desktop/P/battleship/src/components/PlacementBoard/PlacementBoard.tsx">
        <metrics statements="22" coveredstatements="17" conditionals="0" coveredconditionals="0" methods="7" coveredmethods="2"/>
        <line num="1" count="3" type="stmt"/>
        <line num="3" count="3" type="stmt"/>
        <line num="5" count="3" type="stmt"/>
        <line num="6" count="3" type="stmt"/>
        <line num="14" count="3" type="stmt"/>
        <line num="26" count="50" type="stmt"/>
        <line num="28" count="50" type="stmt"/>
        <line num="35" count="37" type="stmt"/>
        <line num="36" count="37" type="stmt"/>
        <line num="37" count="370" type="stmt"/>
        <line num="38" count="3700" type="stmt"/>
        <line num="39" count="3700" type="stmt"/>
        <line num="40" count="0" type="stmt"/>
        <line num="42" count="0" type="stmt"/>
        <line num="43" count="0" type="stmt"/>
        <line num="47" count="37" type="stmt"/>
        <line num="50" count="50" type="stmt"/>
        <line num="52" count="0" type="stmt"/>
        <line num="53" count="0" type="stmt"/>
        <line num="68" count="50" type="stmt"/>
        <line num="70" count="50" type="stmt"/>
        <line num="73" count="3" type="stmt"/>
      </file>
    </package>
    <package name="components.PlayerBoard">
      <metrics statements="9" coveredstatements="9" conditionals="0" coveredconditionals="0" methods="3" coveredmethods="3"/>
      <file name="PlayerBoard.tsx" path="/Users/oleksandr.kaminsky/Desktop/P/battleship/src/components/PlayerBoard/PlayerBoard.tsx">
        <metrics statements="9" coveredstatements="9" conditionals="0" coveredconditionals="0" methods="3" coveredmethods="3"/>
        <line num="1" count="3" type="stmt"/>
        <line num="3" count="3" type="stmt"/>
        <line num="5" count="3" type="stmt"/>
        <line num="11" count="3" type="stmt"/>
        <line num="12" count="45" type="stmt"/>
        <line num="13" count="14" type="stmt"/>
        <line num="16" count="45" type="stmt"/>
        <line num="18" count="45" type="stmt"/>
        <line num="21" count="3" type="stmt"/>
      </file>
    </package>
    <package name="components.ShipSelection">
      <metrics statements="14" coveredstatements="14" conditionals="2" coveredconditionals="2" methods="6" coveredmethods="6"/>
      <file name="ShipSelection.tsx" path="/Users/oleksandr.kaminsky/Desktop/P/battleship/src/components/ShipSelection/ShipSelection.tsx">
        <metrics statements="14" coveredstatements="14" conditionals="2" coveredconditionals="2" methods="6" coveredmethods="6"/>
        <line num="1" count="4" type="stmt"/>
        <line num="2" count="4" type="stmt"/>
        <line num="4" count="4" type="stmt"/>
        <line num="19" count="4" type="stmt"/>
        <line num="24" count="30" type="stmt"/>
        <line num="26" count="5" type="stmt"/>
        <line num="31" count="30" type="stmt"/>
        <line num="32" count="79" type="stmt"/>
        <line num="40" count="79" type="cond" truecount="2" falsecount="0"/>
        <line num="44" count="5" type="stmt"/>
        <line num="48" count="211" type="stmt"/>
        <line num="58" count="30" type="stmt"/>
        <line num="60" count="79" type="stmt"/>
        <line num="65" count="4" type="stmt"/>
      </file>
    </package>
    <package name="components.ShootingBoard">
      <metrics statements="30" coveredstatements="26" conditionals="3" coveredconditionals="2" methods="10" coveredmethods="7"/>
      <file name="ShootingBoard.tsx" path="/Users/oleksandr.kaminsky/Desktop/P/battleship/src/components/ShootingBoard/ShootingBoard.tsx">
        <metrics statements="30" coveredstatements="26" conditionals="3" coveredconditionals="2" methods="10" coveredmethods="7"/>
        <line num="1" count="3" type="stmt"/>
        <line num="2" count="3" type="stmt"/>
        <line num="4" count="3" type="stmt"/>
        <line num="6" count="3" type="stmt"/>
        <line num="7" count="3" type="stmt"/>
        <line num="8" count="3" type="stmt"/>
        <line num="16" count="3" type="stmt"/>
        <line num="21" count="44" type="stmt"/>
        <line num="23" count="44" type="stmt"/>
        <line num="25" count="0" type="cond" truecount="0" falsecount="1"/>
        <line num="27" count="0" type="stmt"/>
        <line num="28" count="0" type="stmt"/>
        <line num="33" count="44" type="stmt"/>
        <line num="34" count="0" type="stmt"/>
        <line num="38" count="44" type="stmt"/>
        <line num="39" count="40" type="stmt"/>
        <line num="40" count="40" type="stmt"/>
        <line num="41" count="400" type="stmt"/>
        <line num="42" count="4000" type="stmt"/>
        <line num="43" count="4000" type="stmt"/>
        <line num="46" count="40" type="stmt"/>
        <line num="49" count="44" type="stmt"/>
        <line num="50" count="35" type="stmt"/>
        <line num="51" count="3811" type="cond" truecount="2" falsecount="0"/>
        <line num="55" count="44" type="stmt"/>
        <line num="57" count="5" type="stmt"/>
        <line num="58" count="22" type="stmt"/>
        <line num="69" count="44" type="stmt"/>
        <line num="71" count="44" type="stmt"/>
        <line num="74" count="3" type="stmt"/>
      </file>
    </package>
    <package name="constants">
      <metrics statements="3" coveredstatements="3" conditionals="0" coveredconditionals="0" methods="0" coveredmethods="0"/>
      <file name="index.ts" path="/Users/oleksandr.kaminsky/Desktop/P/battleship/src/constants/index.ts">
        <metrics statements="3" coveredstatements="3" conditionals="0" coveredconditionals="0" methods="0" coveredmethods="0"/>
        <line num="1" count="11" type="stmt"/>
        <line num="3" count="11" type="stmt"/>
        <line num="11" count="11" type="stmt"/>
      </file>
    </package>
    <package name="features">
      <metrics statements="36" coveredstatements="34" conditionals="9" coveredconditionals="6" methods="12" coveredmethods="12"/>
      <file name="gameReducer.ts" path="/Users/oleksandr.kaminsky/Desktop/P/battleship/src/features/gameReducer.ts">
        <metrics statements="22" coveredstatements="20" conditionals="8" coveredconditionals="5" methods="6" coveredmethods="6"/>
        <line num="1" count="7" type="stmt"/>
        <line num="4" count="7" type="stmt"/>
        <line num="16" count="7" type="stmt"/>
        <line num="24" count="7" type="stmt"/>
        <line num="29" count="45" type="stmt"/>
        <line num="32" count="4" type="stmt"/>
        <line num="35" count="36" type="cond" truecount="2" falsecount="0"/>
        <line num="36" count="19" type="stmt"/>
        <line num="38" count="17" type="stmt"/>
        <line num="42" count="1" type="stmt"/>
        <line num="44" count="1" type="cond" truecount="1" falsecount="1"/>
        <line num="49" count="1" type="cond" truecount="1" falsecount="1"/>
        <line num="50" count="1" type="stmt"/>
        <line num="51" count="0" type="cond" truecount="0" falsecount="1"/>
        <line num="52" count="0" type="stmt"/>
        <line num="55" count="1" type="cond" truecount="1" falsecount="0"/>
        <line num="56" count="1" type="stmt"/>
        <line num="57" count="1" type="stmt"/>
        <line num="62" count="3" type="stmt"/>
        <line num="65" count="3" type="stmt"/>
        <line num="70" count="7" type="stmt"/>
        <line num="78" count="7" type="stmt"/>
      </file>
      <file name="selectShipReducer.ts" path="/Users/oleksandr.kaminsky/Desktop/P/battleship/src/features/selectShipReducer.ts">
        <metrics statements="14" coveredstatements="14" conditionals="1" coveredconditionals="1" methods="6" coveredmethods="6"/>
        <line num="1" count="8" type="stmt"/>
        <line num="4" count="8" type="stmt"/>
        <line num="17" count="8" type="stmt"/>
        <line num="48" count="8" type="stmt"/>
        <line num="53" count="11" type="stmt"/>
        <line num="56" count="3" type="stmt"/>
        <line num="57" count="3" type="cond" truecount="1" falsecount="0"/>
        <line num="58" count="3" type="stmt"/>
        <line num="60" count="3" type="stmt"/>
        <line num="63" count="3" type="stmt"/>
        <line num="64" count="15" type="stmt"/>
        <line num="68" count="3" type="stmt"/>
        <line num="73" count="8" type="stmt"/>
        <line num="76" count="8" type="stmt"/>
      </file>
    </package>
    <package name="helpers">
      <metrics statements="28" coveredstatements="28" conditionals="12" coveredconditionals="12" methods="6" coveredmethods="6"/>
      <file name="index.ts" path="/Users/oleksandr.kaminsky/Desktop/P/battleship/src/helpers/index.ts">
        <metrics statements="28" coveredstatements="28" conditionals="12" coveredconditionals="12" methods="6" coveredmethods="6"/>
        <line num="2" count="9" type="stmt"/>
        <line num="6" count="35" type="cond" truecount="2" falsecount="0"/>
        <line num="7" count="24" type="stmt"/>
        <line num="8" count="51" type="cond" truecount="3" falsecount="0"/>
        <line num="9" count="3" type="stmt"/>
        <line num="13" count="11" type="stmt"/>
        <line num="14" count="26" type="cond" truecount="3" falsecount="0"/>
        <line num="15" count="4" type="stmt"/>
        <line num="19" count="28" type="stmt"/>
        <line num="23" count="9" type="stmt"/>
        <line num="29" count="35" type="cond" truecount="1" falsecount="0"/>
        <line num="30" count="7" type="stmt"/>
        <line num="34" count="280" type="stmt"/>
        <line num="36" count="28" type="cond" truecount="2" falsecount="0"/>
        <line num="37" count="21" type="stmt"/>
        <line num="38" count="44" type="stmt"/>
        <line num="41" count="7" type="stmt"/>
        <line num="42" count="17" type="stmt"/>
        <line num="46" count="28" type="stmt"/>
        <line num="50" count="9" type="stmt"/>
        <line num="51" count="130" type="stmt"/>
        <line num="52" count="1300" type="stmt"/>
        <line num="57" count="9" type="stmt"/>
        <line num="58" count="3" type="stmt"/>
        <line num="59" count="12" type="stmt"/>
        <line num="60" count="102" type="cond" truecount="1" falsecount="0"/>
        <line num="61" count="1" type="stmt"/>
        <line num="65" count="2" type="stmt"/>
      </file>
    </package>
    <package name="hooks">
      <metrics statements="108" coveredstatements="108" conditionals="29" coveredconditionals="26" methods="28" coveredmethods="26"/>
      <file name="index.ts" path="/Users/oleksandr.kaminsky/Desktop/P/battleship/src/hooks/index.ts">
        <metrics statements="4" coveredstatements="4" conditionals="0" coveredconditionals="0" methods="4" coveredmethods="2"/>
        <line num="1" count="53" type="stmt"/>
        <line num="2" count="142" type="stmt"/>
        <line num="3" count="3" type="stmt"/>
        <line num="4" count="3" type="stmt"/>
      </file>
      <file name="useBoardRenderer.tsx" path="/Users/oleksandr.kaminsky/Desktop/P/battleship/src/hooks/useBoardRenderer.tsx">
        <metrics statements="7" coveredstatements="7" conditionals="0" coveredconditionals="0" methods="4" coveredmethods="4"/>
        <line num="1" count="1" type="stmt"/>
        <line num="4" count="1" type="stmt"/>
        <line num="8" count="17" type="stmt"/>
        <line num="9" count="16" type="stmt"/>
        <line num="14" count="44" type="stmt"/>
        <line num="20" count="39" type="stmt"/>
        <line num="31" count="13" type="stmt"/>
      </file>
      <file name="useGameState.ts" path="/Users/oleksandr.kaminsky/Desktop/P/battleship/src/hooks/useGameState.ts">
        <metrics statements="25" coveredstatements="25" conditionals="2" coveredconditionals="2" methods="7" coveredmethods="7"/>
        <line num="1" count="4" type="stmt"/>
        <line num="2" count="4" type="stmt"/>
        <line num="5" count="4" type="stmt"/>
        <line num="10" count="4" type="stmt"/>
        <line num="13" count="4" type="stmt"/>
        <line num="14" count="37" type="stmt"/>
        <line num="15" count="37" type="stmt"/>
        <line num="16" count="37" type="stmt"/>
        <line num="18" count="37" type="stmt"/>
        <line num="20" count="4" type="stmt"/>
        <line num="25" count="37" type="stmt"/>
        <line num="26" count="2" type="stmt"/>
        <line num="27" count="2" type="stmt"/>
        <line num="30" count="37" type="stmt"/>
        <line num="31" count="2" type="stmt"/>
        <line num="34" count="37" type="stmt"/>
        <line num="35" count="1" type="stmt"/>
        <line num="36" count="1" type="stmt"/>
        <line num="39" count="37" type="stmt"/>
        <line num="40" count="5" type="stmt"/>
        <line num="41" count="5" type="stmt"/>
        <line num="42" count="5" type="stmt"/>
        <line num="47" count="37" type="stmt"/>
        <line num="48" count="5" type="stmt"/>
        <line num="51" count="37" type="stmt"/>
      </file>
      <file name="useReduxSelectors.ts" path="/Users/oleksandr.kaminsky/Desktop/P/battleship/src/hooks/useReduxSelectors.ts">
        <metrics statements="13" coveredstatements="13" conditionals="0" coveredconditionals="0" methods="1" coveredmethods="1"/>
        <line num="1" count="4" type="stmt"/>
        <line num="5" count="4" type="stmt"/>
        <line num="17" count="4" type="stmt"/>
        <line num="18" count="26" type="stmt"/>
        <line num="19" count="26" type="stmt"/>
        <line num="22" count="26" type="stmt"/>
        <line num="23" count="26" type="stmt"/>
        <line num="24" count="26" type="stmt"/>
        <line num="26" count="26" type="stmt"/>
        <line num="27" count="26" type="stmt"/>
        <line num="29" count="26" type="stmt"/>
        <line num="32" count="26" type="stmt"/>
        <line num="36" count="26" type="stmt"/>
      </file>
      <file name="useShipPlacement.ts" path="/Users/oleksandr.kaminsky/Desktop/P/battleship/src/hooks/useShipPlacement.ts">
        <metrics statements="59" coveredstatements="59" conditionals="27" coveredconditionals="24" methods="12" coveredmethods="12"/>
        <line num="1" count="3" type="stmt"/>
        <line num="2" count="3" type="stmt"/>
        <line num="4" count="3" type="stmt"/>
        <line num="6" count="3" type="stmt"/>
        <line num="7" count="3" type="stmt"/>
        <line num="8" count="3" type="stmt"/>
        <line num="10" count="3" type="stmt"/>
        <line num="15" count="39" type="stmt"/>
        <line num="16" count="39" type="stmt"/>
        <line num="17" count="39" type="stmt"/>
        <line num="20" count="39" type="stmt"/>
        <line num="24" count="39" type="stmt"/>
        <line num="25" count="24" type="cond" truecount="3" falsecount="0"/>
        <line num="27" count="20" type="stmt"/>
        <line num="28" count="20" type="stmt"/>
        <line num="37" count="39" type="stmt"/>
        <line num="38" count="24" type="stmt"/>
        <line num="42" count="39" type="stmt"/>
        <line num="44" count="13" type="cond" truecount="0" falsecount="1"/>
        <line num="46" count="13" type="stmt"/>
        <line num="47" count="13" type="stmt"/>
        <line num="49" count="13" type="cond" truecount="2" falsecount="0"/>
        <line num="50" count="10" type="stmt"/>
        <line num="51" count="22" type="cond" truecount="1" falsecount="0"/>
        <line num="55" count="20" type="stmt"/>
        <line num="59" count="3" type="stmt"/>
        <line num="60" count="7" type="cond" truecount="1" falsecount="0"/>
        <line num="65" count="6" type="stmt"/>
        <line num="70" count="13" type="stmt"/>
        <line num="75" count="39" type="stmt"/>
        <line num="77" count="14" type="cond" truecount="1" falsecount="0"/>
        <line num="79" count="13" type="stmt"/>
        <line num="81" count="25" type="cond" truecount="2" falsecount="0"/>
        <line num="85" count="13" type="cond" truecount="2" falsecount="0"/>
        <line num="86" count="9" type="stmt"/>
        <line num="87" count="19" type="stmt"/>
        <line num="89" count="9" type="stmt"/>
        <line num="91" count="4" type="stmt"/>
        <line num="92" count="7" type="stmt"/>
        <line num="94" count="4" type="stmt"/>
        <line num="100" count="39" type="stmt"/>
        <line num="101" count="1" type="stmt"/>
        <line num="102" count="1" type="stmt"/>
        <line num="105" count="39" type="stmt"/>
        <line num="107" count="6" type="stmt"/>
        <line num="108" count="6" type="cond" truecount="0" falsecount="1"/>
        <line num="110" count="6" type="stmt"/>
        <line num="111" count="6" type="cond" truecount="2" falsecount="0"/>
        <line num="114" count="6" type="stmt"/>
        <line num="119" count="39" type="stmt"/>
        <line num="121" count="3" type="cond" truecount="3" falsecount="0"/>
        <line num="123" count="2" type="stmt"/>
        <line num="124" count="2" type="stmt"/>
        <line num="126" count="2" type="cond" truecount="1" falsecount="0"/>
        <line num="128" count="1" type="stmt"/>
        <line num="129" count="1" type="stmt"/>
        <line num="130" count="1" type="stmt"/>
        <line num="132" count="1" type="stmt"/>
        <line num="137" count="39" type="stmt"/>
      </file>
    </package>
    <package name="pages.Game">
      <metrics statements="34" coveredstatements="34" conditionals="21" coveredconditionals="20" methods="7" coveredmethods="7"/>
      <file name="Game.tsx" path="/Users/oleksandr.kaminsky/Desktop/P/battleship/src/pages/Game/Game.tsx">
        <metrics statements="34" coveredstatements="34" conditionals="21" coveredconditionals="20" methods="7" coveredmethods="7"/>
        <line num="1" count="1" type="stmt"/>
        <line num="2" count="1" type="stmt"/>
        <line num="3" count="1" type="stmt"/>
        <line num="5" count="1" type="stmt"/>
        <line num="6" count="1" type="stmt"/>
        <line num="13" count="1" type="stmt"/>
        <line num="14" count="1" type="stmt"/>
        <line num="16" count="1" type="stmt"/>
        <line num="17" count="52" type="stmt"/>
        <line num="28" count="52" type="stmt"/>
        <line num="40" count="52" type="stmt"/>
        <line num="43" count="52" type="stmt"/>
        <line num="44" count="47" type="cond" truecount="1" falsecount="0"/>
        <line num="45" count="2" type="stmt"/>
        <line num="46" count="2" type="stmt"/>
        <line num="48" count="47" type="cond" truecount="3" falsecount="0"/>
        <line num="49" count="1" type="stmt"/>
        <line num="53" count="52" type="stmt"/>
        <line num="54" count="45" type="cond" truecount="3" falsecount="0"/>
        <line num="55" count="1" type="stmt"/>
        <line num="56" count="1" type="stmt"/>
        <line num="60" count="52" type="stmt"/>
        <line num="61" count="44" type="cond" truecount="1" falsecount="0"/>
        <line num="62" count="3" type="stmt"/>
        <line num="66" count="52" type="stmt"/>
        <line num="67" count="52" type="cond" truecount="1" falsecount="0"/>
        <line num="69" count="19" type="stmt"/>
        <line num="109" count="52" type="stmt"/>
        <line num="110" count="52" type="cond" truecount="1" falsecount="0"/>
        <line num="112" count="29" type="stmt"/>
        <line num="138" count="52" type="stmt"/>
        <line num="139" count="52" type="cond" truecount="1" falsecount="0"/>
        <line num="141" count="6" type="stmt"/>
        <line num="153" count="52" type="stmt"/>
      </file>
    </package>
    <package name="selectors">
      <metrics statements="33" coveredstatements="32" conditionals="1" coveredconditionals="0" methods="17" coveredmethods="17"/>
      <file name="index.ts" path="/Users/oleksandr.kaminsky/Desktop/P/battleship/src/selectors/index.ts">
        <metrics statements="33" coveredstatements="32" conditionals="1" coveredconditionals="0" methods="17" coveredmethods="17"/>
        <line num="1" count="5" type="stmt"/>
        <line num="7" count="4803" type="stmt"/>
        <line num="8" count="5" type="stmt"/>
        <line num="10" count="5" type="stmt"/>
        <line num="11" count="55" type="stmt"/>
        <line num="12" count="110" type="stmt"/>
        <line num="14" count="55" type="stmt"/>
        <line num="15" count="55" type="stmt"/>
        <line num="16" count="483" type="stmt"/>
        <line num="17" count="4803" type="cond" truecount="0" falsecount="1"/>
        <line num="18" count="0" type="stmt"/>
        <line num="23" count="55" type="stmt"/>
        <line num="27" count="5" type="stmt"/>
        <line num="28" count="29" type="stmt"/>
        <line num="29" count="27" type="stmt"/>
        <line num="32" count="5" type="stmt"/>
        <line num="33" count="29" type="stmt"/>
        <line num="34" count="27" type="stmt"/>
        <line num="37" count="145" type="stmt"/>
        <line num="38" count="29" type="stmt"/>
        <line num="40" count="44" type="stmt"/>
        <line num="42" count="5" type="stmt"/>
        <line num="44" count="23" type="stmt"/>
        <line num="47" count="5" type="stmt"/>
        <line num="49" count="23" type="stmt"/>
        <line num="52" count="5" type="stmt"/>
        <line num="54" count="23" type="stmt"/>
        <line num="57" count="5" type="stmt"/>
        <line num="59" count="8" type="stmt"/>
        <line num="62" count="5" type="stmt"/>
        <line num="64" count="23" type="stmt"/>
        <line num="67" count="5" type="stmt"/>
        <line num="69" count="23" type="stmt"/>
      </file>
    </package>
    <package name="store">
      <metrics statements="5" coveredstatements="5" conditionals="0" coveredconditionals="0" methods="0" coveredmethods="0"/>
      <file name="store.ts" path="/Users/oleksandr.kaminsky/Desktop/P/battleship/src/store/store.ts">
        <metrics statements="5" coveredstatements="5" conditionals="0" coveredconditionals="0" methods="0" coveredmethods="0"/>
        <line num="1" count="1" type="stmt"/>
        <line num="3" count="1" type="stmt"/>
        <line num="4" count="1" type="stmt"/>
        <line num="6" count="1" type="stmt"/>
        <line num="15" count="1" type="stmt"/>
      </file>
    </package>
  </project>
</coverage>
