{"/Users/oleksandr.kaminsky/Desktop/P/battleship/src/components/index.ts": {"path":"/Users/oleksandr.kaminsky/Desktop/P/battleship/src/components/index.ts","statementMap":{"0":{"start":{"line":1,"column":0},"end":{"line":1,"column":7}},"1":{"start":{"line":13,"column":2},"end":{"line":1,"column":61}},"2":{"start":{"line":2,"column":0},"end":{"line":2,"column":7}},"3":{"start":{"line":14,"column":2},"end":{"line":2,"column":58}},"4":{"start":{"line":3,"column":0},"end":{"line":3,"column":7}},"5":{"start":{"line":15,"column":2},"end":{"line":3,"column":52}},"6":{"start":{"line":4,"column":0},"end":{"line":4,"column":7}},"7":{"start":{"line":16,"column":2},"end":{"line":4,"column":58}},"8":{"start":{"line":5,"column":0},"end":{"line":5,"column":7}},"9":{"start":{"line":11,"column":2},"end":{"line":5,"column":37}},"10":{"start":{"line":6,"column":0},"end":{"line":6,"column":7}},"11":{"start":{"line":17,"column":2},"end":{"line":6,"column":38}},"12":{"start":{"line":7,"column":0},"end":{"line":7,"column":7}},"13":{"start":{"line":18,"column":2},"end":{"line":7,"column":37}},"14":{"start":{"line":8,"column":0},"end":{"line":8,"column":7}},"15":{"start":{"line":12,"column":2},"end":{"line":8,"column":31}}},"fnMap":{},"branchMap":{},"s":{"0":3,"1":3,"2":3,"3":3,"4":3,"5":3,"6":3,"7":3,"8":3,"9":3,"10":3,"11":3,"12":3,"13":3,"14":3,"15":3},"f":{},"b":{}}
,"/Users/oleksandr.kaminsky/Desktop/P/battleship/src/components/Cell/Cell.tsx": {"path":"/Users/oleksandr.kaminsky/Desktop/P/battleship/src/components/Cell/Cell.tsx","statementMap":{"0":{"start":{"line":1,"column":0},"end":{"line":1,"column":26}},"1":{"start":{"line":2,"column":0},"end":{"line":2,"column":28}},"2":{"start":{"line":16,"column":34},"end":{"line":55,"column":1}},"3":{"start":{"line":26,"column":24},"end":{"line":43,"column":null}},"4":{"start":{"line":46,"column":2},"end":{"line":54,"column":4}},"5":{"start":{"line":57,"column":0},"end":{"line":57,"column":20}}},"fnMap":{"0":{"name":"(anonymous_0)","decl":{"start":{"line":16,"column":34},"end":{"line":16,"column":35}},"loc":{"start":{"line":25,"column":5},"end":{"line":55,"column":1}}}},"branchMap":{},"s":{"0":4,"1":4,"2":4,"3":8,"4":8,"5":4},"f":{"0":8},"b":{}}
,"/Users/oleksandr.kaminsky/Desktop/P/battleship/src/components/Footer/Footer.tsx": {"path":"/Users/oleksandr.kaminsky/Desktop/P/battleship/src/components/Footer/Footer.tsx","statementMap":{"0":{"start":{"line":1,"column":0},"end":{"line":1,"column":43}},"1":{"start":{"line":3,"column":25},"end":{"line":16,"column":1}},"2":{"start":{"line":4,"column":2},"end":{"line":15,"column":4}},"3":{"start":{"line":18,"column":0},"end":{"line":18,"column":22}}},"fnMap":{"0":{"name":"(anonymous_0)","decl":{"start":{"line":3,"column":25},"end":{"line":3,"column":28}},"loc":{"start":{"line":3,"column":30},"end":{"line":16,"column":1}}}},"branchMap":{},"s":{"0":4,"1":4,"2":1,"3":4},"f":{"0":1},"b":{}}
,"/Users/oleksandr.kaminsky/Desktop/P/battleship/src/components/Header/Header.tsx": {"path":"/Users/oleksandr.kaminsky/Desktop/P/battleship/src/components/Header/Header.tsx","statementMap":{"0":{"start":{"line":1,"column":25},"end":{"line":7,"column":1}},"1":{"start":{"line":2,"column":2},"end":{"line":6,"column":4}},"2":{"start":{"line":9,"column":0},"end":{"line":9,"column":22}}},"fnMap":{"0":{"name":"(anonymous_0)","decl":{"start":{"line":1,"column":25},"end":{"line":1,"column":28}},"loc":{"start":{"line":1,"column":30},"end":{"line":7,"column":1}}}},"branchMap":{},"s":{"0":3,"1":0,"2":3},"f":{"0":0},"b":{}}
,"/Users/oleksandr.kaminsky/Desktop/P/battleship/src/components/Modal/Modal.tsx": {"path":"/Users/oleksandr.kaminsky/Desktop/P/battleship/src/components/Modal/Modal.tsx","statementMap":{"0":{"start":{"line":1,"column":0},"end":{"line":1,"column":36}},"1":{"start":{"line":13,"column":40},"end":{"line":82,"column":1}},"2":{"start":{"line":21,"column":21},"end":{"line":36,"column":3}},"3":{"start":{"line":22,"column":4},"end":{"line":35,"column":5}},"4":{"start":{"line":24,"column":8},"end":{"line":24,"column":43}},"5":{"start":{"line":26,"column":8},"end":{"line":28,"column":26}},"6":{"start":{"line":30,"column":8},"end":{"line":32,"column":23}},"7":{"start":{"line":34,"column":8},"end":{"line":34,"column":18}},"8":{"start":{"line":38,"column":22},"end":{"line":52,"column":71}},"9":{"start":{"line":39,"column":4},"end":{"line":51,"column":5}},"10":{"start":{"line":41,"column":8},"end":{"line":41,"column":27}},"11":{"start":{"line":42,"column":8},"end":{"line":42,"column":14}},"12":{"start":{"line":44,"column":8},"end":{"line":44,"column":27}},"13":{"start":{"line":45,"column":8},"end":{"line":45,"column":14}},"14":{"start":{"line":47,"column":8},"end":{"line":47,"column":26}},"15":{"start":{"line":48,"column":8},"end":{"line":48,"column":14}},"16":{"start":{"line":50,"column":8},"end":{"line":50,"column":58}},"17":{"start":{"line":54,"column":24},"end":{"line":65,"column":3}},"18":{"start":{"line":55,"column":4},"end":{"line":64,"column":5}},"19":{"start":{"line":57,"column":8},"end":{"line":57,"column":20}},"20":{"start":{"line":59,"column":8},"end":{"line":59,"column":21}},"21":{"start":{"line":61,"column":8},"end":{"line":61,"column":21}},"22":{"start":{"line":63,"column":8},"end":{"line":63,"column":18}},"23":{"start":{"line":67,"column":2},"end":{"line":67,"column":32}},"24":{"start":{"line":67,"column":20},"end":{"line":67,"column":32}},"25":{"start":{"line":69,"column":2},"end":{"line":81,"column":4}},"26":{"start":{"line":84,"column":0},"end":{"line":84,"column":25}}},"fnMap":{"0":{"name":"(anonymous_0)","decl":{"start":{"line":13,"column":40},"end":{"line":13,"column":41}},"loc":{"start":{"line":20,"column":5},"end":{"line":82,"column":1}}},"1":{"name":"(anonymous_1)","decl":{"start":{"line":21,"column":21},"end":{"line":21,"column":24}},"loc":{"start":{"line":21,"column":26},"end":{"line":36,"column":3}}},"2":{"name":"(anonymous_2)","decl":{"start":{"line":38,"column":34},"end":{"line":38,"column":37}},"loc":{"start":{"line":38,"column":39},"end":{"line":52,"column":3}}},"3":{"name":"(anonymous_3)","decl":{"start":{"line":54,"column":24},"end":{"line":54,"column":27}},"loc":{"start":{"line":54,"column":29},"end":{"line":65,"column":3}}}},"branchMap":{"0":{"loc":{"start":{"line":22,"column":4},"end":{"line":35,"column":5}},"type":"switch","locations":[{"start":{"line":23,"column":6},"end":{"line":24,"column":43}},{"start":{"line":25,"column":6},"end":{"line":28,"column":26}},{"start":{"line":29,"column":6},"end":{"line":32,"column":23}},{"start":{"line":33,"column":6},"end":{"line":34,"column":18}}]},"1":{"loc":{"start":{"line":27,"column":10},"end":{"line":27,"column":null}},"type":"cond-expr","locations":[{"start":{"line":27,"column":39},"end":{"line":27,"column":49}},{"start":{"line":27,"column":52},"end":{"line":27,"column":null}}]},"2":{"loc":{"start":{"line":31,"column":10},"end":{"line":31,"column":null}},"type":"cond-expr","locations":[{"start":{"line":31,"column":39},"end":{"line":31,"column":49}},{"start":{"line":31,"column":52},"end":{"line":31,"column":null}}]},"3":{"loc":{"start":{"line":39,"column":4},"end":{"line":51,"column":5}},"type":"switch","locations":[{"start":{"line":40,"column":6},"end":{"line":42,"column":14}},{"start":{"line":43,"column":6},"end":{"line":45,"column":14}},{"start":{"line":46,"column":6},"end":{"line":48,"column":14}},{"start":{"line":49,"column":6},"end":{"line":50,"column":58}}]},"4":{"loc":{"start":{"line":55,"column":4},"end":{"line":64,"column":5}},"type":"switch","locations":[{"start":{"line":56,"column":6},"end":{"line":57,"column":20}},{"start":{"line":58,"column":6},"end":{"line":59,"column":21}},{"start":{"line":60,"column":6},"end":{"line":61,"column":21}},{"start":{"line":62,"column":6},"end":{"line":63,"column":18}}]},"5":{"loc":{"start":{"line":67,"column":2},"end":{"line":67,"column":32}},"type":"if","locations":[{"start":{"line":67,"column":2},"end":{"line":67,"column":32}}]}},"s":{"0":4,"1":4,"2":8,"3":8,"4":2,"5":3,"6":3,"7":0,"8":8,"9":3,"10":1,"11":1,"12":1,"13":1,"14":1,"15":1,"16":0,"17":8,"18":8,"19":2,"20":3,"21":3,"22":0,"23":8,"24":0,"25":8,"26":4},"f":{"0":8,"1":8,"2":3,"3":8},"b":{"0":[2,3,3,0],"1":[2,1],"2":[2,1],"3":[1,1,1,0],"4":[2,3,3,0],"5":[0]}}
,"/Users/oleksandr.kaminsky/Desktop/P/battleship/src/components/PlacementBoard/PlacementBoard.tsx": {"path":"/Users/oleksandr.kaminsky/Desktop/P/battleship/src/components/PlacementBoard/PlacementBoard.tsx","statementMap":{"0":{"start":{"line":1,"column":0},"end":{"line":1,"column":52}},"1":{"start":{"line":3,"column":0},"end":{"line":3,"column":36}},"2":{"start":{"line":5,"column":0},"end":{"line":5,"column":61}},"3":{"start":{"line":6,"column":0},"end":{"line":6,"column":41}},"4":{"start":{"line":14,"column":54},"end":{"line":71,"column":1}},"5":{"start":{"line":26,"column":6},"end":{"line":26,"column":69}},"6":{"start":{"line":28,"column":23},"end":{"line":48,"column":68}},"7":{"start":{"line":35,"column":8},"end":{"line":35,"column":10}},"8":{"start":{"line":36,"column":4},"end":{"line":46,"column":5}},"9":{"start":{"line":36,"column":19},"end":{"line":36,"column":20}},"10":{"start":{"line":37,"column":6},"end":{"line":45,"column":7}},"11":{"start":{"line":37,"column":21},"end":{"line":37,"column":22}},"12":{"start":{"line":38,"column":20},"end":{"line":38,"column":35}},"13":{"start":{"line":39,"column":8},"end":{"line":44,"column":10}},"14":{"start":{"line":40,"column":25},"end":{"line":40,"column":60}},"15":{"start":{"line":42,"column":12},"end":{"line":42,"column":41}},"16":{"start":{"line":43,"column":29},"end":{"line":43,"column":54}},"17":{"start":{"line":47,"column":4},"end":{"line":47,"column":20}},"18":{"start":{"line":50,"column":28},"end":{"line":65,"column":null}},"19":{"start":{"line":52,"column":6},"end":{"line":63,"column":9}},"20":{"start":{"line":53,"column":8},"end":{"line":54,"column":null}},"21":{"start":{"line":68,"column":24},"end":{"line":68,"column":73}},"22":{"start":{"line":70,"column":2},"end":{"line":70,"column":78}},"23":{"start":{"line":73,"column":0},"end":{"line":73,"column":30}}},"fnMap":{"0":{"name":"(anonymous_0)","decl":{"start":{"line":14,"column":54},"end":{"line":14,"column":55}},"loc":{"start":{"line":18,"column":5},"end":{"line":71,"column":1}}},"1":{"name":"(anonymous_1)","decl":{"start":{"line":28,"column":31},"end":{"line":28,"column":34}},"loc":{"start":{"line":28,"column":36},"end":{"line":48,"column":3}}},"2":{"name":"(anonymous_2)","decl":{"start":{"line":40,"column":19},"end":{"line":40,"column":22}},"loc":{"start":{"line":40,"column":25},"end":{"line":40,"column":60}}},"3":{"name":"(anonymous_3)","decl":{"start":{"line":41,"column":25},"end":{"line":41,"column":26}},"loc":{"start":{"line":42,"column":12},"end":{"line":42,"column":41}}},"4":{"name":"(anonymous_4)","decl":{"start":{"line":43,"column":23},"end":{"line":43,"column":26}},"loc":{"start":{"line":43,"column":29},"end":{"line":43,"column":54}}},"5":{"name":"(anonymous_5)","decl":{"start":{"line":51,"column":4},"end":{"line":51,"column":5}},"loc":{"start":{"line":51,"column":44},"end":{"line":64,"column":5}}},"6":{"name":"(anonymous_6)","decl":{"start":{"line":52,"column":21},"end":{"line":52,"column":22}},"loc":{"start":{"line":53,"column":8},"end":{"line":54,"column":null}}}},"branchMap":{},"s":{"0":3,"1":3,"2":3,"3":3,"4":3,"5":50,"6":50,"7":37,"8":37,"9":37,"10":370,"11":370,"12":3700,"13":3700,"14":0,"15":0,"16":0,"17":37,"18":50,"19":0,"20":0,"21":50,"22":50,"23":3},"f":{"0":50,"1":37,"2":0,"3":0,"4":0,"5":0,"6":0},"b":{}}
,"/Users/oleksandr.kaminsky/Desktop/P/battleship/src/components/PlayerBoard/PlayerBoard.tsx": {"path":"/Users/oleksandr.kaminsky/Desktop/P/battleship/src/components/PlayerBoard/PlayerBoard.tsx","statementMap":{"0":{"start":{"line":1,"column":0},"end":{"line":1,"column":26}},"1":{"start":{"line":3,"column":0},"end":{"line":3,"column":36}},"2":{"start":{"line":5,"column":0},"end":{"line":5,"column":43}},"3":{"start":{"line":11,"column":48},"end":{"line":19,"column":1}},"4":{"start":{"line":12,"column":28},"end":{"line":14,"column":3}},"5":{"start":{"line":13,"column":4},"end":{"line":13,"column":80}},"6":{"start":{"line":13,"column":40},"end":{"line":13,"column":62}},"7":{"start":{"line":16,"column":24},"end":{"line":16,"column":66}},"8":{"start":{"line":18,"column":2},"end":{"line":18,"column":78}},"9":{"start":{"line":21,"column":0},"end":{"line":21,"column":27}}},"fnMap":{"0":{"name":"(anonymous_0)","decl":{"start":{"line":11,"column":48},"end":{"line":11,"column":49}},"loc":{"start":{"line":11,"column":62},"end":{"line":19,"column":1}}},"1":{"name":"(anonymous_1)","decl":{"start":{"line":12,"column":28},"end":{"line":12,"column":29}},"loc":{"start":{"line":12,"column":50},"end":{"line":14,"column":3}}},"2":{"name":"(anonymous_2)","decl":{"start":{"line":13,"column":19},"end":{"line":13,"column":20}},"loc":{"start":{"line":13,"column":40},"end":{"line":13,"column":62}}}},"branchMap":{},"s":{"0":3,"1":3,"2":3,"3":3,"4":45,"5":5,"6":14,"7":45,"8":45,"9":3},"f":{"0":45,"1":5,"2":14},"b":{}}
,"/Users/oleksandr.kaminsky/Desktop/P/battleship/src/components/ShipSelection/ShipSelection.tsx": {"path":"/Users/oleksandr.kaminsky/Desktop/P/battleship/src/components/ShipSelection/ShipSelection.tsx","statementMap":{"0":{"start":{"line":1,"column":0},"end":{"line":1,"column":36}},"1":{"start":{"line":2,"column":0},"end":{"line":2,"column":28}},"2":{"start":{"line":4,"column":0},"end":{"line":4,"column":42}},"3":{"start":{"line":19,"column":52},"end":{"line":63,"column":1}},"4":{"start":{"line":24,"column":27},"end":{"line":28,"column":null}},"5":{"start":{"line":26,"column":6},"end":{"line":26,"column":25}},"6":{"start":{"line":31,"column":21},"end":{"line":56,"column":3}},"7":{"start":{"line":32,"column":22},"end":{"line":37,"column":null}},"8":{"start":{"line":40,"column":4},"end":{"line":55,"column":13}},"9":{"start":{"line":44,"column":23},"end":{"line":44,"column":45}},"10":{"start":{"line":48,"column":12},"end":{"line":48,"column":28}},"11":{"start":{"line":58,"column":2},"end":{"line":62,"column":4}},"12":{"start":{"line":60,"column":27},"end":{"line":60,"column":43}},"13":{"start":{"line":65,"column":0},"end":{"line":65,"column":29}}},"fnMap":{"0":{"name":"(anonymous_0)","decl":{"start":{"line":19,"column":52},"end":{"line":19,"column":53}},"loc":{"start":{"line":23,"column":5},"end":{"line":63,"column":1}}},"1":{"name":"(anonymous_1)","decl":{"start":{"line":25,"column":4},"end":{"line":25,"column":5}},"loc":{"start":{"line":25,"column":19},"end":{"line":27,"column":5}}},"2":{"name":"(anonymous_2)","decl":{"start":{"line":31,"column":21},"end":{"line":31,"column":22}},"loc":{"start":{"line":31,"column":36},"end":{"line":56,"column":3}}},"3":{"name":"(anonymous_3)","decl":{"start":{"line":44,"column":17},"end":{"line":44,"column":20}},"loc":{"start":{"line":44,"column":23},"end":{"line":44,"column":45}}},"4":{"name":"(anonymous_4)","decl":{"start":{"line":47,"column":37},"end":{"line":47,"column":38}},"loc":{"start":{"line":48,"column":12},"end":{"line":48,"column":28}}},"5":{"name":"(anonymous_5)","decl":{"start":{"line":60,"column":17},"end":{"line":60,"column":18}},"loc":{"start":{"line":60,"column":27},"end":{"line":60,"column":43}}}},"branchMap":{"0":{"loc":{"start":{"line":40,"column":11},"end":{"line":55,"column":12}},"type":"cond-expr","locations":[{"start":{"line":41,"column":6},"end":{"line":42,"column":null}},{"start":{"line":55,"column":8},"end":{"line":55,"column":12}}]}},"s":{"0":4,"1":4,"2":4,"3":4,"4":30,"5":5,"6":30,"7":79,"8":79,"9":5,"10":211,"11":30,"12":79,"13":4},"f":{"0":30,"1":5,"2":79,"3":5,"4":211,"5":79},"b":{"0":[76,3]}}
,"/Users/oleksandr.kaminsky/Desktop/P/battleship/src/components/ShootingBoard/ShootingBoard.tsx": {"path":"/Users/oleksandr.kaminsky/Desktop/P/battleship/src/components/ShootingBoard/ShootingBoard.tsx","statementMap":{"0":{"start":{"line":1,"column":0},"end":{"line":1,"column":52}},"1":{"start":{"line":2,"column":0},"end":{"line":2,"column":42}},"2":{"start":{"line":4,"column":0},"end":{"line":4,"column":36}},"3":{"start":{"line":6,"column":0},"end":{"line":6,"column":53}},"4":{"start":{"line":7,"column":0},"end":{"line":7,"column":43}},"5":{"start":{"line":8,"column":0},"end":{"line":8,"column":41}},"6":{"start":{"line":16,"column":52},"end":{"line":72,"column":1}},"7":{"start":{"line":21,"column":19},"end":{"line":21,"column":32}},"8":{"start":{"line":23,"column":22},"end":{"line":30,"column":null}},"9":{"start":{"line":25,"column":6},"end":{"line":25,"column":28}},"10":{"start":{"line":25,"column":21},"end":{"line":25,"column":28}},"11":{"start":{"line":27,"column":6},"end":{"line":27,"column":38}},"12":{"start":{"line":28,"column":6},"end":{"line":28,"column":20}},"13":{"start":{"line":33,"column":25},"end":{"line":35,"column":null}},"14":{"start":{"line":34,"column":45},"end":{"line":34,"column":63}},"15":{"start":{"line":38,"column":23},"end":{"line":47,"column":19}},"16":{"start":{"line":39,"column":52},"end":{"line":39,"column":54}},"17":{"start":{"line":40,"column":4},"end":{"line":45,"column":5}},"18":{"start":{"line":40,"column":19},"end":{"line":40,"column":20}},"19":{"start":{"line":41,"column":6},"end":{"line":44,"column":7}},"20":{"start":{"line":41,"column":21},"end":{"line":41,"column":22}},"21":{"start":{"line":42,"column":20},"end":{"line":42,"column":35}},"22":{"start":{"line":43,"column":8},"end":{"line":43,"column":52}},"23":{"start":{"line":43,"column":30},"end":{"line":43,"column":51}},"24":{"start":{"line":46,"column":4},"end":{"line":46,"column":20}},"25":{"start":{"line":49,"column":23},"end":{"line":53,"column":19}},"26":{"start":{"line":50,"column":4},"end":{"line":52,"column":6}},"27":{"start":{"line":51,"column":6},"end":{"line":51,"column":59}},"28":{"start":{"line":51,"column":25},"end":{"line":51,"column":57}},"29":{"start":{"line":55,"column":28},"end":{"line":66,"column":null}},"30":{"start":{"line":57,"column":6},"end":{"line":64,"column":9}},"31":{"start":{"line":58,"column":8},"end":{"line":59,"column":null}},"32":{"start":{"line":69,"column":24},"end":{"line":69,"column":73}},"33":{"start":{"line":71,"column":2},"end":{"line":71,"column":78}},"34":{"start":{"line":74,"column":0},"end":{"line":74,"column":29}}},"fnMap":{"0":{"name":"(anonymous_0)","decl":{"start":{"line":16,"column":52},"end":{"line":16,"column":53}},"loc":{"start":{"line":20,"column":5},"end":{"line":72,"column":1}}},"1":{"name":"(anonymous_1)","decl":{"start":{"line":24,"column":4},"end":{"line":24,"column":5}},"loc":{"start":{"line":24,"column":29},"end":{"line":29,"column":5}}},"2":{"name":"(anonymous_2)","decl":{"start":{"line":34,"column":4},"end":{"line":34,"column":5}},"loc":{"start":{"line":34,"column":45},"end":{"line":34,"column":63}}},"3":{"name":"(anonymous_3)","decl":{"start":{"line":38,"column":31},"end":{"line":38,"column":34}},"loc":{"start":{"line":38,"column":36},"end":{"line":47,"column":3}}},"4":{"name":"(anonymous_4)","decl":{"start":{"line":43,"column":24},"end":{"line":43,"column":27}},"loc":{"start":{"line":43,"column":30},"end":{"line":43,"column":51}}},"5":{"name":"(anonymous_5)","decl":{"start":{"line":49,"column":31},"end":{"line":49,"column":34}},"loc":{"start":{"line":49,"column":36},"end":{"line":53,"column":3}}},"6":{"name":"(anonymous_6)","decl":{"start":{"line":50,"column":27},"end":{"line":50,"column":28}},"loc":{"start":{"line":51,"column":6},"end":{"line":51,"column":59}}},"7":{"name":"(anonymous_7)","decl":{"start":{"line":51,"column":14},"end":{"line":51,"column":15}},"loc":{"start":{"line":51,"column":25},"end":{"line":51,"column":57}}},"8":{"name":"(anonymous_8)","decl":{"start":{"line":56,"column":4},"end":{"line":56,"column":5}},"loc":{"start":{"line":56,"column":44},"end":{"line":65,"column":5}}},"9":{"name":"(anonymous_9)","decl":{"start":{"line":57,"column":21},"end":{"line":57,"column":22}},"loc":{"start":{"line":58,"column":8},"end":{"line":59,"column":null}}}},"branchMap":{"0":{"loc":{"start":{"line":25,"column":6},"end":{"line":25,"column":28}},"type":"if","locations":[{"start":{"line":25,"column":6},"end":{"line":25,"column":28}}]},"1":{"loc":{"start":{"line":51,"column":25},"end":{"line":51,"column":57}},"type":"cond-expr","locations":[{"start":{"line":51,"column":43},"end":{"line":51,"column":50}},{"start":{"line":51,"column":53},"end":{"line":51,"column":57}}]}},"s":{"0":3,"1":3,"2":3,"3":3,"4":3,"5":3,"6":3,"7":44,"8":44,"9":0,"10":0,"11":0,"12":0,"13":44,"14":0,"15":44,"16":40,"17":40,"18":40,"19":400,"20":400,"21":4000,"22":4000,"23":0,"24":40,"25":44,"26":35,"27":345,"28":3811,"29":44,"30":5,"31":22,"32":44,"33":44,"34":3},"f":{"0":44,"1":0,"2":0,"3":40,"4":0,"5":35,"6":345,"7":3811,"8":5,"9":22},"b":{"0":[0],"1":[116,3695]}}
,"/Users/oleksandr.kaminsky/Desktop/P/battleship/src/constants/index.ts": {"path":"/Users/oleksandr.kaminsky/Desktop/P/battleship/src/constants/index.ts","statementMap":{"0":{"start":{"line":1,"column":13},"end":{"line":1,"column":29}},"1":{"start":{"line":3,"column":13},"end":{"line":9,"column":11}},"2":{"start":{"line":11,"column":13},"end":{"line":11,"column":33}}},"fnMap":{},"branchMap":{},"s":{"0":11,"1":11,"2":11},"f":{},"b":{}}
,"/Users/oleksandr.kaminsky/Desktop/P/battleship/src/features/gameReducer.ts": {"path":"/Users/oleksandr.kaminsky/Desktop/P/battleship/src/features/gameReducer.ts","statementMap":{"0":{"start":{"line":1,"column":0},"end":{"line":1,"column":62}},"1":{"start":{"line":4,"column":0},"end":{"line":4,"column":41}},"2":{"start":{"line":16,"column":32},"end":{"line":22,"column":2}},"3":{"start":{"line":24,"column":18},"end":{"line":68,"column":2}},"4":{"start":{"line":29,"column":6},"end":{"line":29,"column":42}},"5":{"start":{"line":32,"column":6},"end":{"line":32,"column":40}},"6":{"start":{"line":35,"column":6},"end":{"line":39,"column":7}},"7":{"start":{"line":36,"column":8},"end":{"line":36,"column":44}},"8":{"start":{"line":38,"column":8},"end":{"line":38,"column":44}},"9":{"start":{"line":42,"column":23},"end":{"line":42,"column":37}},"10":{"start":{"line":44,"column":8},"end":{"line":46,"column":30}},"11":{"start":{"line":49,"column":6},"end":{"line":53,"column":7}},"12":{"start":{"line":50,"column":8},"end":{"line":50,"column":34}},"13":{"start":{"line":51,"column":13},"end":{"line":53,"column":7}},"14":{"start":{"line":52,"column":8},"end":{"line":52,"column":35}},"15":{"start":{"line":55,"column":6},"end":{"line":58,"column":7}},"16":{"start":{"line":56,"column":8},"end":{"line":56,"column":42}},"17":{"start":{"line":57,"column":8},"end":{"line":57,"column":35}},"18":{"start":{"line":62,"column":6},"end":{"line":62,"column":36}},"19":{"start":{"line":65,"column":6},"end":{"line":65,"column":26}},"20":{"start":{"line":70,"column":13},"end":{"line":76,"column":null}},"21":{"start":{"line":78,"column":0},"end":{"line":78,"column":33}}},"fnMap":{"0":{"name":"(anonymous_0)","decl":{"start":{"line":28,"column":21},"end":{"line":28,"column":22}},"loc":{"start":{"line":28,"column":62},"end":{"line":30,"column":5}}},"1":{"name":"(anonymous_1)","decl":{"start":{"line":31,"column":19},"end":{"line":31,"column":20}},"loc":{"start":{"line":31,"column":64},"end":{"line":33,"column":5}}},"2":{"name":"(anonymous_2)","decl":{"start":{"line":34,"column":20},"end":{"line":34,"column":21}},"loc":{"start":{"line":34,"column":60},"end":{"line":40,"column":5}}},"3":{"name":"(anonymous_3)","decl":{"start":{"line":41,"column":17},"end":{"line":41,"column":18}},"loc":{"start":{"line":41,"column":76},"end":{"line":59,"column":5}}},"4":{"name":"(anonymous_4)","decl":{"start":{"line":61,"column":15},"end":{"line":61,"column":16}},"loc":{"start":{"line":61,"column":56},"end":{"line":63,"column":5}}},"5":{"name":"(anonymous_5)","decl":{"start":{"line":64,"column":20},"end":{"line":64,"column":23}},"loc":{"start":{"line":64,"column":25},"end":{"line":66,"column":5}}}},"branchMap":{"0":{"loc":{"start":{"line":35,"column":6},"end":{"line":39,"column":7}},"type":"if","locations":[{"start":{"line":35,"column":6},"end":{"line":39,"column":7}},{"start":{"line":37,"column":13},"end":{"line":39,"column":7}}]},"1":{"loc":{"start":{"line":44,"column":8},"end":{"line":46,"column":30}},"type":"cond-expr","locations":[{"start":{"line":45,"column":12},"end":{"line":45,"column":30}},{"start":{"line":46,"column":12},"end":{"line":46,"column":30}}]},"2":{"loc":{"start":{"line":49,"column":6},"end":{"line":53,"column":7}},"type":"if","locations":[{"start":{"line":49,"column":6},"end":{"line":53,"column":7}},{"start":{"line":51,"column":13},"end":{"line":53,"column":7}}]},"3":{"loc":{"start":{"line":51,"column":13},"end":{"line":53,"column":7}},"type":"if","locations":[{"start":{"line":51,"column":13},"end":{"line":53,"column":7}}]},"4":{"loc":{"start":{"line":55,"column":6},"end":{"line":58,"column":7}},"type":"if","locations":[{"start":{"line":55,"column":6},"end":{"line":58,"column":7}}]}},"s":{"0":7,"1":7,"2":7,"3":7,"4":45,"5":4,"6":36,"7":19,"8":17,"9":1,"10":1,"11":1,"12":1,"13":0,"14":0,"15":1,"16":1,"17":1,"18":3,"19":3,"20":7,"21":7},"f":{"0":45,"1":4,"2":36,"3":1,"4":3,"5":3},"b":{"0":[19,17],"1":[1,0],"2":[1,0],"3":[0],"4":[1]}}
,"/Users/oleksandr.kaminsky/Desktop/P/battleship/src/features/selectShipReducer.ts": {"path":"/Users/oleksandr.kaminsky/Desktop/P/battleship/src/features/selectShipReducer.ts","statementMap":{"0":{"start":{"line":1,"column":0},"end":{"line":1,"column":62}},"1":{"start":{"line":4,"column":0},"end":{"line":4,"column":41}},"2":{"start":{"line":17,"column":13},"end":{"line":46,"column":2}},"3":{"start":{"line":48,"column":24},"end":{"line":71,"column":2}},"4":{"start":{"line":53,"column":6},"end":{"line":53,"column":42}},"5":{"start":{"line":56,"column":19},"end":{"line":56,"column":69}},"6":{"start":{"line":56,"column":43},"end":{"line":56,"column":68}},"7":{"start":{"line":57,"column":6},"end":{"line":59,"column":7}},"8":{"start":{"line":58,"column":8},"end":{"line":58,"column":29}},"9":{"start":{"line":60,"column":6},"end":{"line":60,"column":32}},"10":{"start":{"line":63,"column":6},"end":{"line":65,"column":9}},"11":{"start":{"line":64,"column":8},"end":{"line":64,"column":30}},"12":{"start":{"line":68,"column":6},"end":{"line":68,"column":36}},"13":{"start":{"line":73,"column":13},"end":{"line":73,"column":null}},"14":{"start":{"line":76,"column":0},"end":{"line":76,"column":39}}},"fnMap":{"0":{"name":"(anonymous_0)","decl":{"start":{"line":52,"column":16},"end":{"line":52,"column":17}},"loc":{"start":{"line":52,"column":66},"end":{"line":54,"column":5}}},"1":{"name":"(anonymous_1)","decl":{"start":{"line":55,"column":15},"end":{"line":55,"column":16}},"loc":{"start":{"line":55,"column":56},"end":{"line":61,"column":5}}},"2":{"name":"(anonymous_2)","decl":{"start":{"line":56,"column":36},"end":{"line":56,"column":37}},"loc":{"start":{"line":56,"column":43},"end":{"line":56,"column":68}}},"3":{"name":"(anonymous_3)","decl":{"start":{"line":62,"column":16},"end":{"line":62,"column":17}},"loc":{"start":{"line":62,"column":26},"end":{"line":66,"column":5}}},"4":{"name":"(anonymous_4)","decl":{"start":{"line":63,"column":26},"end":{"line":63,"column":27}},"loc":{"start":{"line":63,"column":35},"end":{"line":65,"column":7}}},"5":{"name":"(anonymous_5)","decl":{"start":{"line":67,"column":26},"end":{"line":67,"column":29}},"loc":{"start":{"line":67,"column":31},"end":{"line":69,"column":5}}}},"branchMap":{"0":{"loc":{"start":{"line":57,"column":6},"end":{"line":59,"column":7}},"type":"if","locations":[{"start":{"line":57,"column":6},"end":{"line":59,"column":7}}]}},"s":{"0":8,"1":8,"2":8,"3":8,"4":11,"5":3,"6":3,"7":3,"8":3,"9":3,"10":3,"11":15,"12":3,"13":8,"14":8},"f":{"0":11,"1":3,"2":3,"3":3,"4":15,"5":3},"b":{"0":[3]}}
,"/Users/oleksandr.kaminsky/Desktop/P/battleship/src/helpers/index.ts": {"path":"/Users/oleksandr.kaminsky/Desktop/P/battleship/src/helpers/index.ts","statementMap":{"0":{"start":{"line":23,"column":0},"end":{"line":23,"column":16}},"1":{"start":{"line":50,"column":0},"end":{"line":50,"column":16}},"2":{"start":{"line":2,"column":0},"end":{"line":2,"column":41}},"3":{"start":{"line":6,"column":2},"end":{"line":18,"column":3}},"4":{"start":{"line":7,"column":4},"end":{"line":11,"column":5}},"5":{"start":{"line":7,"column":17},"end":{"line":7,"column":18}},"6":{"start":{"line":8,"column":6},"end":{"line":10,"column":7}},"7":{"start":{"line":9,"column":8},"end":{"line":9,"column":21}},"8":{"start":{"line":13,"column":4},"end":{"line":17,"column":5}},"9":{"start":{"line":13,"column":17},"end":{"line":13,"column":18}},"10":{"start":{"line":14,"column":6},"end":{"line":16,"column":7}},"11":{"start":{"line":15,"column":8},"end":{"line":15,"column":21}},"12":{"start":{"line":19,"column":2},"end":{"line":19,"column":14}},"13":{"start":{"line":29,"column":2},"end":{"line":31,"column":3}},"14":{"start":{"line":30,"column":4},"end":{"line":30,"column":17}},"15":{"start":{"line":34,"column":19},"end":{"line":34,"column":52}},"16":{"start":{"line":34,"column":43},"end":{"line":34,"column":51}},"17":{"start":{"line":36,"column":2},"end":{"line":44,"column":3}},"18":{"start":{"line":37,"column":4},"end":{"line":39,"column":5}},"19":{"start":{"line":37,"column":17},"end":{"line":37,"column":18}},"20":{"start":{"line":38,"column":6},"end":{"line":38,"column":34}},"21":{"start":{"line":41,"column":4},"end":{"line":43,"column":5}},"22":{"start":{"line":41,"column":17},"end":{"line":41,"column":18}},"23":{"start":{"line":42,"column":6},"end":{"line":42,"column":34}},"24":{"start":{"line":46,"column":2},"end":{"line":46,"column":18}},"25":{"start":{"line":51,"column":2},"end":{"line":53,"column":4}},"26":{"start":{"line":52,"column":4},"end":{"line":52,"column":35}},"27":{"start":{"line":57,"column":28},"end":{"line":66,"column":1}},"28":{"start":{"line":58,"column":2},"end":{"line":64,"column":3}},"29":{"start":{"line":59,"column":4},"end":{"line":63,"column":5}},"30":{"start":{"line":60,"column":6},"end":{"line":62,"column":7}},"31":{"start":{"line":61,"column":8},"end":{"line":61,"column":21}},"32":{"start":{"line":65,"column":2},"end":{"line":65,"column":14}},"33":{"start":{"line":57,"column":13},"end":{"line":57,"column":28}}},"fnMap":{"0":{"name":"canPlaceShip","decl":{"start":{"line":5,"column":9},"end":{"line":5,"column":21}},"loc":{"start":{"line":5,"column":68},"end":{"line":20,"column":1}}},"1":{"name":"placeShip","decl":{"start":{"line":23,"column":16},"end":{"line":23,"column":25}},"loc":{"start":{"line":27,"column":12},"end":{"line":47,"column":1}}},"2":{"name":"(anonymous_2)","decl":{"start":{"line":34,"column":34},"end":{"line":34,"column":35}},"loc":{"start":{"line":34,"column":43},"end":{"line":34,"column":51}}},"3":{"name":"initializeBoard","decl":{"start":{"line":50,"column":16},"end":{"line":50,"column":31}},"loc":{"start":{"line":50,"column":31},"end":{"line":54,"column":1}}},"4":{"name":"(anonymous_4)","decl":{"start":{"line":51,"column":44},"end":{"line":51,"column":47}},"loc":{"start":{"line":52,"column":4},"end":{"line":52,"column":35}}},"5":{"name":"(anonymous_5)","decl":{"start":{"line":57,"column":28},"end":{"line":57,"column":29}},"loc":{"start":{"line":57,"column":54},"end":{"line":66,"column":1}}}},"branchMap":{"0":{"loc":{"start":{"line":6,"column":2},"end":{"line":18,"column":3}},"type":"if","locations":[{"start":{"line":6,"column":2},"end":{"line":18,"column":3}},{"start":{"line":12,"column":9},"end":{"line":18,"column":3}}]},"1":{"loc":{"start":{"line":8,"column":6},"end":{"line":10,"column":7}},"type":"if","locations":[{"start":{"line":8,"column":6},"end":{"line":10,"column":7}}]},"2":{"loc":{"start":{"line":8,"column":10},"end":{"line":8,"column":65}},"type":"binary-expr","locations":[{"start":{"line":8,"column":10},"end":{"line":8,"column":34}},{"start":{"line":8,"column":38},"end":{"line":8,"column":65}}]},"3":{"loc":{"start":{"line":14,"column":6},"end":{"line":16,"column":7}},"type":"if","locations":[{"start":{"line":14,"column":6},"end":{"line":16,"column":7}}]},"4":{"loc":{"start":{"line":14,"column":10},"end":{"line":14,"column":62}},"type":"binary-expr","locations":[{"start":{"line":14,"column":10},"end":{"line":14,"column":31}},{"start":{"line":14,"column":35},"end":{"line":14,"column":62}}]},"5":{"loc":{"start":{"line":29,"column":2},"end":{"line":31,"column":3}},"type":"if","locations":[{"start":{"line":29,"column":2},"end":{"line":31,"column":3}}]},"6":{"loc":{"start":{"line":36,"column":2},"end":{"line":44,"column":3}},"type":"if","locations":[{"start":{"line":36,"column":2},"end":{"line":44,"column":3}},{"start":{"line":40,"column":9},"end":{"line":44,"column":3}}]},"7":{"loc":{"start":{"line":60,"column":6},"end":{"line":62,"column":7}},"type":"if","locations":[{"start":{"line":60,"column":6},"end":{"line":62,"column":7}}]}},"s":{"0":9,"1":9,"2":9,"3":35,"4":24,"5":24,"6":51,"7":3,"8":11,"9":11,"10":26,"11":4,"12":28,"13":35,"14":7,"15":28,"16":280,"17":28,"18":21,"19":21,"20":44,"21":7,"22":7,"23":17,"24":28,"25":130,"26":1300,"27":9,"28":3,"29":12,"30":102,"31":1,"32":2,"33":9},"f":{"0":35,"1":35,"2":280,"3":130,"4":1300,"5":3},"b":{"0":[24,11],"1":[3],"2":[51,49],"3":[4],"4":[26,24],"5":[7],"6":[21,7],"7":[1]}}
,"/Users/oleksandr.kaminsky/Desktop/P/battleship/src/hooks/index.ts": {"path":"/Users/oleksandr.kaminsky/Desktop/P/battleship/src/hooks/index.ts","statementMap":{"0":{"start":{"line":1,"column":0},"end":{"line":1,"column":9}},"1":{"start":{"line":1,"column":9},"end":{"line":1,"column":54}},"2":{"start":{"line":2,"column":0},"end":{"line":2,"column":9}},"3":{"start":{"line":2,"column":9},"end":{"line":2,"column":54}},"4":{"start":{"line":3,"column":0},"end":{"line":3,"column":9}},"5":{"start":{"line":3,"column":9},"end":{"line":3,"column":46}},"6":{"start":{"line":4,"column":0},"end":{"line":4,"column":9}},"7":{"start":{"line":4,"column":9},"end":{"line":4,"column":56}}},"fnMap":{"0":{"name":"(anonymous_0)","decl":{"start":{"line":1,"column":9},"end":{"line":1,"column":25}},"loc":{"start":{"line":1,"column":9},"end":{"line":1,"column":54}}},"1":{"name":"(anonymous_1)","decl":{"start":{"line":2,"column":9},"end":{"line":2,"column":25}},"loc":{"start":{"line":2,"column":9},"end":{"line":2,"column":54}}},"2":{"name":"(anonymous_2)","decl":{"start":{"line":3,"column":9},"end":{"line":3,"column":21}},"loc":{"start":{"line":3,"column":9},"end":{"line":3,"column":46}}},"3":{"name":"(anonymous_3)","decl":{"start":{"line":4,"column":9},"end":{"line":4,"column":26}},"loc":{"start":{"line":4,"column":9},"end":{"line":4,"column":56}}}},"branchMap":{},"s":{"0":3,"1":53,"2":3,"3":142,"4":3,"5":3,"6":3,"7":3},"f":{"0":50,"1":139,"2":0,"3":0},"b":{}}
,"/Users/oleksandr.kaminsky/Desktop/P/battleship/src/hooks/useBoardRenderer.tsx": {"path":"/Users/oleksandr.kaminsky/Desktop/P/battleship/src/hooks/useBoardRenderer.tsx","statementMap":{"0":{"start":{"line":1,"column":0},"end":{"line":1,"column":39}},"1":{"start":{"line":4,"column":32},"end":{"line":32,"column":1}},"2":{"start":{"line":8,"column":24},"end":{"line":29,"column":32}},"3":{"start":{"line":9,"column":4},"end":{"line":28,"column":6}},"4":{"start":{"line":14,"column":12},"end":{"line":14,"column":29}},"5":{"start":{"line":20,"column":10},"end":{"line":20,"column":30}},"6":{"start":{"line":31,"column":2},"end":{"line":31,"column":23}},"7":{"start":{"line":4,"column":13},"end":{"line":4,"column":32}}},"fnMap":{"0":{"name":"(anonymous_0)","decl":{"start":{"line":4,"column":32},"end":{"line":4,"column":null}},"loc":{"start":{"line":7,"column":4},"end":{"line":32,"column":1}}},"1":{"name":"(anonymous_1)","decl":{"start":{"line":8,"column":32},"end":{"line":8,"column":35}},"loc":{"start":{"line":8,"column":37},"end":{"line":29,"column":3}}},"2":{"name":"(anonymous_2)","decl":{"start":{"line":13,"column":25},"end":{"line":13,"column":26}},"loc":{"start":{"line":14,"column":12},"end":{"line":14,"column":29}}},"3":{"name":"(anonymous_3)","decl":{"start":{"line":19,"column":19},"end":{"line":19,"column":20}},"loc":{"start":{"line":20,"column":10},"end":{"line":20,"column":30}}}},"branchMap":{},"s":{"0":1,"1":1,"2":17,"3":16,"4":44,"5":39,"6":13,"7":1},"f":{"0":17,"1":16,"2":44,"3":39},"b":{}}
,"/Users/oleksandr.kaminsky/Desktop/P/battleship/src/hooks/useGameState.ts": {"path":"/Users/oleksandr.kaminsky/Desktop/P/battleship/src/hooks/useGameState.ts","statementMap":{"0":{"start":{"line":1,"column":0},"end":{"line":1,"column":46}},"1":{"start":{"line":2,"column":0},"end":{"line":2,"column":42}},"2":{"start":{"line":5,"column":0},"end":{"line":5,"column":null}},"3":{"start":{"line":10,"column":0},"end":{"line":10,"column":73}},"4":{"start":{"line":13,"column":28},"end":{"line":62,"column":1}},"5":{"start":{"line":14,"column":19},"end":{"line":14,"column":32}},"6":{"start":{"line":15,"column":40},"end":{"line":15,"column":64}},"7":{"start":{"line":16,"column":32},"end":{"line":16,"column":56}},"8":{"start":{"line":18,"column":27},"end":{"line":22,"column":null}},"9":{"start":{"line":20,"column":6},"end":{"line":20,"column":38}},"10":{"start":{"line":25,"column":27},"end":{"line":28,"column":16}},"11":{"start":{"line":26,"column":4},"end":{"line":26,"column":26}},"12":{"start":{"line":27,"column":4},"end":{"line":27,"column":27}},"13":{"start":{"line":30,"column":27},"end":{"line":32,"column":8}},"14":{"start":{"line":31,"column":4},"end":{"line":31,"column":26}},"15":{"start":{"line":34,"column":26},"end":{"line":37,"column":16}},"16":{"start":{"line":35,"column":4},"end":{"line":35,"column":37}},"17":{"start":{"line":36,"column":4},"end":{"line":36,"column":31}},"18":{"start":{"line":39,"column":25},"end":{"line":45,"column":30}},"19":{"start":{"line":40,"column":4},"end":{"line":40,"column":25}},"20":{"start":{"line":41,"column":4},"end":{"line":41,"column":22}},"21":{"start":{"line":42,"column":4},"end":{"line":44,"column":6}},"22":{"start":{"line":47,"column":22},"end":{"line":49,"column":8}},"23":{"start":{"line":48,"column":4},"end":{"line":48,"column":26}},"24":{"start":{"line":51,"column":2},"end":{"line":61,"column":4}},"25":{"start":{"line":13,"column":13},"end":{"line":13,"column":28}}},"fnMap":{"0":{"name":"(anonymous_0)","decl":{"start":{"line":13,"column":28},"end":{"line":13,"column":29}},"loc":{"start":{"line":13,"column":53},"end":{"line":62,"column":1}}},"1":{"name":"(anonymous_1)","decl":{"start":{"line":19,"column":4},"end":{"line":19,"column":5}},"loc":{"start":{"line":19,"column":19},"end":{"line":21,"column":5}}},"2":{"name":"(anonymous_2)","decl":{"start":{"line":25,"column":39},"end":{"line":25,"column":48}},"loc":{"start":{"line":25,"column":50},"end":{"line":28,"column":3}}},"3":{"name":"(anonymous_3)","decl":{"start":{"line":30,"column":39},"end":{"line":30,"column":48}},"loc":{"start":{"line":30,"column":50},"end":{"line":32,"column":3}}},"4":{"name":"(anonymous_4)","decl":{"start":{"line":34,"column":38},"end":{"line":34,"column":47}},"loc":{"start":{"line":34,"column":49},"end":{"line":37,"column":3}}},"5":{"name":"(anonymous_5)","decl":{"start":{"line":39,"column":37},"end":{"line":39,"column":46}},"loc":{"start":{"line":39,"column":48},"end":{"line":45,"column":3}}},"6":{"name":"(anonymous_6)","decl":{"start":{"line":47,"column":34},"end":{"line":47,"column":35}},"loc":{"start":{"line":47,"column":57},"end":{"line":49,"column":3}}}},"branchMap":{"0":{"loc":{"start":{"line":43,"column":22},"end":{"line":43,"column":72}},"type":"cond-expr","locations":[{"start":{"line":43,"column":51},"end":{"line":43,"column":60}},{"start":{"line":43,"column":63},"end":{"line":43,"column":72}}]}},"s":{"0":4,"1":4,"2":4,"3":4,"4":4,"5":37,"6":37,"7":37,"8":37,"9":4,"10":37,"11":2,"12":2,"13":37,"14":2,"15":37,"16":1,"17":1,"18":37,"19":5,"20":5,"21":5,"22":37,"23":5,"24":37,"25":4},"f":{"0":37,"1":4,"2":2,"3":2,"4":1,"5":5,"6":5},"b":{"0":[4,1]}}
,"/Users/oleksandr.kaminsky/Desktop/P/battleship/src/hooks/useReduxSelectors.ts": {"path":"/Users/oleksandr.kaminsky/Desktop/P/battleship/src/hooks/useReduxSelectors.ts","statementMap":{"0":{"start":{"line":1,"column":0},"end":{"line":1,"column":42}},"1":{"start":{"line":5,"column":0},"end":{"line":5,"column":null}},"2":{"start":{"line":17,"column":33},"end":{"line":47,"column":1}},"3":{"start":{"line":18,"column":16},"end":{"line":18,"column":42}},"4":{"start":{"line":19,"column":27},"end":{"line":20,"column":null}},"5":{"start":{"line":22,"column":21},"end":{"line":22,"column":66}},"6":{"start":{"line":23,"column":23},"end":{"line":23,"column":66}},"7":{"start":{"line":24,"column":17},"end":{"line":24,"column":54}},"8":{"start":{"line":26,"column":23},"end":{"line":26,"column":69}},"9":{"start":{"line":27,"column":23},"end":{"line":27,"column":69}},"10":{"start":{"line":29,"column":32},"end":{"line":30,"column":null}},"11":{"start":{"line":32,"column":32},"end":{"line":33,"column":null}},"12":{"start":{"line":36,"column":2},"end":{"line":46,"column":4}},"13":{"start":{"line":17,"column":13},"end":{"line":17,"column":33}}},"fnMap":{"0":{"name":"(anonymous_0)","decl":{"start":{"line":17,"column":33},"end":{"line":17,"column":36}},"loc":{"start":{"line":17,"column":38},"end":{"line":47,"column":1}}}},"branchMap":{},"s":{"0":4,"1":4,"2":4,"3":26,"4":26,"5":26,"6":26,"7":26,"8":26,"9":26,"10":26,"11":26,"12":26,"13":4},"f":{"0":26},"b":{}}
,"/Users/oleksandr.kaminsky/Desktop/P/battleship/src/hooks/useShipPlacement.ts": {"path":"/Users/oleksandr.kaminsky/Desktop/P/battleship/src/hooks/useShipPlacement.ts","statementMap":{"0":{"start":{"line":1,"column":0},"end":{"line":1,"column":66}},"1":{"start":{"line":2,"column":0},"end":{"line":2,"column":42}},"2":{"start":{"line":4,"column":0},"end":{"line":4,"column":57}},"3":{"start":{"line":6,"column":0},"end":{"line":6,"column":57}},"4":{"start":{"line":7,"column":0},"end":{"line":7,"column":56}},"5":{"start":{"line":8,"column":0},"end":{"line":8,"column":41}},"6":{"start":{"line":10,"column":32},"end":{"line":147,"column":1}},"7":{"start":{"line":15,"column":19},"end":{"line":15,"column":32}},"8":{"start":{"line":16,"column":42},"end":{"line":16,"column":74}},"9":{"start":{"line":17,"column":56},"end":{"line":18,"column":null}},"10":{"start":{"line":20,"column":44},"end":{"line":21,"column":null}},"11":{"start":{"line":24,"column":22},"end":{"line":34,"column":24}},"12":{"start":{"line":25,"column":4},"end":{"line":25,"column":76}},"13":{"start":{"line":25,"column":64},"end":{"line":25,"column":76}},"14":{"start":{"line":27,"column":17},"end":{"line":27,"column":72}},"15":{"start":{"line":28,"column":4},"end":{"line":33,"column":6}},"16":{"start":{"line":37,"column":2},"end":{"line":39,"column":25}},"17":{"start":{"line":38,"column":4},"end":{"line":38,"column":35}},"18":{"start":{"line":42,"column":36},"end":{"line":72,"column":null}},"19":{"start":{"line":44,"column":6},"end":{"line":44,"column":34}},"20":{"start":{"line":44,"column":24},"end":{"line":44,"column":34}},"21":{"start":{"line":46,"column":52},"end":{"line":46,"column":54}},"22":{"start":{"line":47,"column":25},"end":{"line":47,"column":36}},"23":{"start":{"line":49,"column":6},"end":{"line":68,"column":7}},"24":{"start":{"line":50,"column":8},"end":{"line":57,"column":9}},"25":{"start":{"line":50,"column":21},"end":{"line":50,"column":22}},"26":{"start":{"line":51,"column":10},"end":{"line":56,"column":11}},"27":{"start":{"line":55,"column":12},"end":{"line":55,"column":44}},"28":{"start":{"line":59,"column":8},"end":{"line":67,"column":9}},"29":{"start":{"line":59,"column":21},"end":{"line":59,"column":22}},"30":{"start":{"line":60,"column":10},"end":{"line":66,"column":11}},"31":{"start":{"line":65,"column":12},"end":{"line":65,"column":44}},"32":{"start":{"line":70,"column":6},"end":{"line":70,"column":23}},"33":{"start":{"line":75,"column":26},"end":{"line":97,"column":null}},"34":{"start":{"line":77,"column":6},"end":{"line":77,"column":31}},"35":{"start":{"line":77,"column":24},"end":{"line":77,"column":31}},"36":{"start":{"line":79,"column":24},"end":{"line":79,"column":55}},"37":{"start":{"line":81,"column":8},"end":{"line":82,"column":47}},"38":{"start":{"line":81,"column":33},"end":{"line":81,"column":65}},"39":{"start":{"line":85,"column":6},"end":{"line":95,"column":7}},"40":{"start":{"line":86,"column":8},"end":{"line":88,"column":10}},"41":{"start":{"line":87,"column":42},"end":{"line":87,"column":63}},"42":{"start":{"line":89,"column":8},"end":{"line":89,"column":42}},"43":{"start":{"line":91,"column":8},"end":{"line":93,"column":10}},"44":{"start":{"line":92,"column":42},"end":{"line":92,"column":63}},"45":{"start":{"line":94,"column":8},"end":{"line":94,"column":35}},"46":{"start":{"line":100,"column":25},"end":{"line":103,"column":8}},"47":{"start":{"line":101,"column":4},"end":{"line":101,"column":31}},"48":{"start":{"line":102,"column":4},"end":{"line":102,"column":38}},"49":{"start":{"line":105,"column":27},"end":{"line":116,"column":null}},"50":{"start":{"line":107,"column":6},"end":{"line":107,"column":25}},"51":{"start":{"line":108,"column":6},"end":{"line":108,"column":31}},"52":{"start":{"line":108,"column":24},"end":{"line":108,"column":31}},"53":{"start":{"line":110,"column":6},"end":{"line":112,"column":8}},"54":{"start":{"line":111,"column":8},"end":{"line":111,"column":57}},"55":{"start":{"line":114,"column":6},"end":{"line":114,"column":28}},"56":{"start":{"line":119,"column":22},"end":{"line":134,"column":null}},"57":{"start":{"line":121,"column":6},"end":{"line":121,"column":63}},"58":{"start":{"line":121,"column":45},"end":{"line":121,"column":63}},"59":{"start":{"line":123,"column":26},"end":{"line":123,"column":70}},"60":{"start":{"line":124,"column":23},"end":{"line":124,"column":69}},"61":{"start":{"line":126,"column":6},"end":{"line":126,"column":53}},"62":{"start":{"line":126,"column":35},"end":{"line":126,"column":53}},"63":{"start":{"line":128,"column":6},"end":{"line":128,"column":44}},"64":{"start":{"line":129,"column":6},"end":{"line":129,"column":41}},"65":{"start":{"line":130,"column":6},"end":{"line":130,"column":32}},"66":{"start":{"line":132,"column":6},"end":{"line":132,"column":22}},"67":{"start":{"line":137,"column":2},"end":{"line":146,"column":4}},"68":{"start":{"line":10,"column":13},"end":{"line":10,"column":32}}},"fnMap":{"0":{"name":"(anonymous_0)","decl":{"start":{"line":10,"column":32},"end":{"line":10,"column":null}},"loc":{"start":{"line":14,"column":4},"end":{"line":147,"column":1}}},"1":{"name":"(anonymous_1)","decl":{"start":{"line":24,"column":30},"end":{"line":24,"column":50}},"loc":{"start":{"line":24,"column":52},"end":{"line":34,"column":3}}},"2":{"name":"(anonymous_2)","decl":{"start":{"line":37,"column":12},"end":{"line":37,"column":15}},"loc":{"start":{"line":37,"column":17},"end":{"line":39,"column":3}}},"3":{"name":"(anonymous_3)","decl":{"start":{"line":43,"column":4},"end":{"line":43,"column":5}},"loc":{"start":{"line":43,"column":57},"end":{"line":71,"column":5}}},"4":{"name":"(anonymous_4)","decl":{"start":{"line":76,"column":4},"end":{"line":76,"column":5}},"loc":{"start":{"line":76,"column":29},"end":{"line":96,"column":5}}},"5":{"name":"(anonymous_5)","decl":{"start":{"line":81,"column":23},"end":{"line":81,"column":24}},"loc":{"start":{"line":81,"column":33},"end":{"line":81,"column":65}}},"6":{"name":"(anonymous_6)","decl":{"start":{"line":87,"column":32},"end":{"line":87,"column":33}},"loc":{"start":{"line":87,"column":42},"end":{"line":87,"column":63}}},"7":{"name":"(anonymous_7)","decl":{"start":{"line":92,"column":32},"end":{"line":92,"column":33}},"loc":{"start":{"line":92,"column":42},"end":{"line":92,"column":63}}},"8":{"name":"(anonymous_8)","decl":{"start":{"line":100,"column":37},"end":{"line":100,"column":40}},"loc":{"start":{"line":100,"column":42},"end":{"line":103,"column":3}}},"9":{"name":"(anonymous_9)","decl":{"start":{"line":106,"column":4},"end":{"line":106,"column":5}},"loc":{"start":{"line":106,"column":66},"end":{"line":115,"column":5}}},"10":{"name":"(anonymous_10)","decl":{"start":{"line":110,"column":23},"end":{"line":110,"column":24}},"loc":{"start":{"line":111,"column":8},"end":{"line":111,"column":57}}},"11":{"name":"(anonymous_11)","decl":{"start":{"line":120,"column":4},"end":{"line":120,"column":5}},"loc":{"start":{"line":120,"column":52},"end":{"line":133,"column":5}}}},"branchMap":{"0":{"loc":{"start":{"line":25,"column":4},"end":{"line":25,"column":76}},"type":"if","locations":[{"start":{"line":25,"column":4},"end":{"line":25,"column":76}}]},"1":{"loc":{"start":{"line":25,"column":8},"end":{"line":25,"column":62}},"type":"binary-expr","locations":[{"start":{"line":25,"column":8},"end":{"line":25,"column":25}},{"start":{"line":25,"column":29},"end":{"line":25,"column":62}}]},"2":{"loc":{"start":{"line":44,"column":6},"end":{"line":44,"column":34}},"type":"if","locations":[{"start":{"line":44,"column":6},"end":{"line":44,"column":34}}]},"3":{"loc":{"start":{"line":49,"column":6},"end":{"line":68,"column":7}},"type":"if","locations":[{"start":{"line":49,"column":6},"end":{"line":68,"column":7}},{"start":{"line":58,"column":13},"end":{"line":68,"column":7}}]},"4":{"loc":{"start":{"line":51,"column":10},"end":{"line":56,"column":11}},"type":"if","locations":[{"start":{"line":51,"column":10},"end":{"line":56,"column":11}}]},"5":{"loc":{"start":{"line":52,"column":12},"end":{"line":53,"column":71}},"type":"binary-expr","locations":[{"start":{"line":52,"column":12},"end":{"line":52,"column":36}},{"start":{"line":53,"column":13},"end":{"line":53,"column":40}},{"start":{"line":53,"column":44},"end":{"line":53,"column":70}}]},"6":{"loc":{"start":{"line":60,"column":10},"end":{"line":66,"column":11}},"type":"if","locations":[{"start":{"line":60,"column":10},"end":{"line":66,"column":11}}]},"7":{"loc":{"start":{"line":61,"column":12},"end":{"line":63,"column":71}},"type":"binary-expr","locations":[{"start":{"line":61,"column":12},"end":{"line":61,"column":32}},{"start":{"line":62,"column":12},"end":{"line":62,"column":24}},{"start":{"line":63,"column":13},"end":{"line":63,"column":40}},{"start":{"line":63,"column":44},"end":{"line":63,"column":70}}]},"8":{"loc":{"start":{"line":77,"column":6},"end":{"line":77,"column":31}},"type":"if","locations":[{"start":{"line":77,"column":6},"end":{"line":77,"column":31}}]},"9":{"loc":{"start":{"line":81,"column":8},"end":{"line":82,"column":47}},"type":"binary-expr","locations":[{"start":{"line":81,"column":8},"end":{"line":81,"column":66}},{"start":{"line":82,"column":8},"end":{"line":82,"column":47}}]},"10":{"loc":{"start":{"line":85,"column":6},"end":{"line":95,"column":7}},"type":"if","locations":[{"start":{"line":85,"column":6},"end":{"line":95,"column":7}},{"start":{"line":90,"column":13},"end":{"line":95,"column":7}}]},"11":{"loc":{"start":{"line":108,"column":6},"end":{"line":108,"column":31}},"type":"if","locations":[{"start":{"line":108,"column":6},"end":{"line":108,"column":31}}]},"12":{"loc":{"start":{"line":111,"column":8},"end":{"line":111,"column":57}},"type":"cond-expr","locations":[{"start":{"line":111,"column":32},"end":{"line":111,"column":42}},{"start":{"line":111,"column":45},"end":{"line":111,"column":57}}]},"13":{"loc":{"start":{"line":121,"column":6},"end":{"line":121,"column":63}},"type":"if","locations":[{"start":{"line":121,"column":6},"end":{"line":121,"column":63}}]},"14":{"loc":{"start":{"line":121,"column":10},"end":{"line":121,"column":43}},"type":"binary-expr","locations":[{"start":{"line":121,"column":10},"end":{"line":121,"column":22}},{"start":{"line":121,"column":26},"end":{"line":121,"column":43}}]},"15":{"loc":{"start":{"line":126,"column":6},"end":{"line":126,"column":53}},"type":"if","locations":[{"start":{"line":126,"column":6},"end":{"line":126,"column":53}}]}},"s":{"0":3,"1":3,"2":3,"3":3,"4":3,"5":3,"6":3,"7":39,"8":39,"9":39,"10":39,"11":39,"12":24,"13":4,"14":20,"15":20,"16":39,"17":24,"18":39,"19":13,"20":0,"21":13,"22":13,"23":13,"24":10,"25":10,"26":22,"27":20,"28":3,"29":3,"30":7,"31":6,"32":13,"33":39,"34":14,"35":1,"36":13,"37":13,"38":25,"39":13,"40":9,"41":19,"42":9,"43":4,"44":7,"45":4,"46":39,"47":1,"48":1,"49":39,"50":6,"51":6,"52":0,"53":6,"54":6,"55":6,"56":39,"57":3,"58":1,"59":2,"60":2,"61":2,"62":1,"63":1,"64":1,"65":1,"66":1,"67":39,"68":3},"f":{"0":39,"1":24,"2":24,"3":13,"4":14,"5":25,"6":19,"7":7,"8":1,"9":6,"10":6,"11":3},"b":{"0":[4],"1":[24,21],"2":[0],"3":[10,3],"4":[20],"5":[22,20,1],"6":[6],"7":[7,6,6,0],"8":[1],"9":[13,12],"10":[9,4],"11":[0],"12":[5,1],"13":[1],"14":[3,2],"15":[1]}}
,"/Users/oleksandr.kaminsky/Desktop/P/battleship/src/pages/Game/Game.tsx": {"path":"/Users/oleksandr.kaminsky/Desktop/P/battleship/src/pages/Game/Game.tsx","statementMap":{"0":{"start":{"line":1,"column":0},"end":{"line":1,"column":34}},"1":{"start":{"line":2,"column":0},"end":{"line":2,"column":42}},"2":{"start":{"line":3,"column":0},"end":{"line":3,"column":28}},"3":{"start":{"line":5,"column":0},"end":{"line":5,"column":44}},"4":{"start":{"line":6,"column":0},"end":{"line":6,"column":null}},"5":{"start":{"line":13,"column":0},"end":{"line":13,"column":72}},"6":{"start":{"line":14,"column":0},"end":{"line":14,"column":58}},"7":{"start":{"line":16,"column":30},"end":{"line":160,"column":1}},"8":{"start":{"line":17,"column":19},"end":{"line":17,"column":32}},"9":{"start":{"line":28,"column":6},"end":{"line":28,"column":25}},"10":{"start":{"line":40,"column":6},"end":{"line":40,"column":32}},"11":{"start":{"line":43,"column":2},"end":{"line":51,"column":75}},"12":{"start":{"line":44,"column":4},"end":{"line":47,"column":5}},"13":{"start":{"line":45,"column":6},"end":{"line":45,"column":43}},"14":{"start":{"line":46,"column":6},"end":{"line":46,"column":27}},"15":{"start":{"line":48,"column":4},"end":{"line":50,"column":5}},"16":{"start":{"line":49,"column":6},"end":{"line":49,"column":43}},"17":{"start":{"line":53,"column":2},"end":{"line":58,"column":52}},"18":{"start":{"line":54,"column":4},"end":{"line":57,"column":5}},"19":{"start":{"line":55,"column":6},"end":{"line":55,"column":40}},"20":{"start":{"line":56,"column":6},"end":{"line":56,"column":43}},"21":{"start":{"line":60,"column":2},"end":{"line":64,"column":31}},"22":{"start":{"line":61,"column":4},"end":{"line":63,"column":5}},"23":{"start":{"line":62,"column":6},"end":{"line":62,"column":27}},"24":{"start":{"line":66,"column":23},"end":{"line":107,"column":3}},"25":{"start":{"line":67,"column":4},"end":{"line":67,"column":45}},"26":{"start":{"line":67,"column":33},"end":{"line":67,"column":45}},"27":{"start":{"line":69,"column":4},"end":{"line":106,"column":6}},"28":{"start":{"line":109,"column":30},"end":{"line":136,"column":3}},"29":{"start":{"line":110,"column":4},"end":{"line":110,"column":48}},"30":{"start":{"line":110,"column":36},"end":{"line":110,"column":48}},"31":{"start":{"line":112,"column":4},"end":{"line":135,"column":6}},"32":{"start":{"line":138,"column":22},"end":{"line":151,"column":3}},"33":{"start":{"line":139,"column":4},"end":{"line":139,"column":34}},"34":{"start":{"line":139,"column":22},"end":{"line":139,"column":34}},"35":{"start":{"line":141,"column":4},"end":{"line":150,"column":6}},"36":{"start":{"line":153,"column":2},"end":{"line":159,"column":4}},"37":{"start":{"line":16,"column":13},"end":{"line":16,"column":30}}},"fnMap":{"0":{"name":"(anonymous_0)","decl":{"start":{"line":16,"column":30},"end":{"line":16,"column":33}},"loc":{"start":{"line":16,"column":35},"end":{"line":160,"column":1}}},"1":{"name":"(anonymous_1)","decl":{"start":{"line":43,"column":12},"end":{"line":43,"column":15}},"loc":{"start":{"line":43,"column":17},"end":{"line":51,"column":3}}},"2":{"name":"(anonymous_2)","decl":{"start":{"line":53,"column":12},"end":{"line":53,"column":15}},"loc":{"start":{"line":53,"column":17},"end":{"line":58,"column":3}}},"3":{"name":"(anonymous_3)","decl":{"start":{"line":60,"column":12},"end":{"line":60,"column":15}},"loc":{"start":{"line":60,"column":17},"end":{"line":64,"column":3}}},"4":{"name":"(anonymous_4)","decl":{"start":{"line":66,"column":23},"end":{"line":66,"column":26}},"loc":{"start":{"line":66,"column":28},"end":{"line":107,"column":3}}},"5":{"name":"(anonymous_5)","decl":{"start":{"line":109,"column":30},"end":{"line":109,"column":33}},"loc":{"start":{"line":109,"column":35},"end":{"line":136,"column":3}}},"6":{"name":"(anonymous_6)","decl":{"start":{"line":138,"column":22},"end":{"line":138,"column":25}},"loc":{"start":{"line":138,"column":27},"end":{"line":151,"column":3}}}},"branchMap":{"0":{"loc":{"start":{"line":44,"column":4},"end":{"line":47,"column":5}},"type":"if","locations":[{"start":{"line":44,"column":4},"end":{"line":47,"column":5}}]},"1":{"loc":{"start":{"line":48,"column":4},"end":{"line":50,"column":5}},"type":"if","locations":[{"start":{"line":48,"column":4},"end":{"line":50,"column":5}}]},"2":{"loc":{"start":{"line":48,"column":8},"end":{"line":48,"column":59}},"type":"binary-expr","locations":[{"start":{"line":48,"column":8},"end":{"line":48,"column":29}},{"start":{"line":48,"column":33},"end":{"line":48,"column":59}}]},"3":{"loc":{"start":{"line":54,"column":4},"end":{"line":57,"column":5}},"type":"if","locations":[{"start":{"line":54,"column":4},"end":{"line":57,"column":5}}]},"4":{"loc":{"start":{"line":54,"column":8},"end":{"line":54,"column":59}},"type":"binary-expr","locations":[{"start":{"line":54,"column":8},"end":{"line":54,"column":29}},{"start":{"line":54,"column":33},"end":{"line":54,"column":59}}]},"5":{"loc":{"start":{"line":61,"column":4},"end":{"line":63,"column":5}},"type":"if","locations":[{"start":{"line":61,"column":4},"end":{"line":63,"column":5}}]},"6":{"loc":{"start":{"line":67,"column":4},"end":{"line":67,"column":45}},"type":"if","locations":[{"start":{"line":67,"column":4},"end":{"line":67,"column":45}}]},"7":{"loc":{"start":{"line":75,"column":21},"end":{"line":75,"column":77}},"type":"cond-expr","locations":[{"start":{"line":75,"column":50},"end":{"line":75,"column":62}},{"start":{"line":75,"column":65},"end":{"line":75,"column":77}}]},"8":{"loc":{"start":{"line":83,"column":16},"end":{"line":83,"column":72}},"type":"cond-expr","locations":[{"start":{"line":83,"column":45},"end":{"line":83,"column":57}},{"start":{"line":83,"column":60},"end":{"line":83,"column":72}}]},"9":{"loc":{"start":{"line":110,"column":4},"end":{"line":110,"column":48}},"type":"if","locations":[{"start":{"line":110,"column":4},"end":{"line":110,"column":48}}]},"10":{"loc":{"start":{"line":123,"column":14},"end":{"line":129,"column":37}},"type":"cond-expr","locations":[{"start":{"line":124,"column":18},"end":{"line":126,"column":37}},{"start":{"line":127,"column":18},"end":{"line":129,"column":37}}]},"11":{"loc":{"start":{"line":124,"column":18},"end":{"line":126,"column":37}},"type":"cond-expr","locations":[{"start":{"line":125,"column":20},"end":{"line":125,"column":32}},{"start":{"line":126,"column":20},"end":{"line":126,"column":37}}]},"12":{"loc":{"start":{"line":127,"column":18},"end":{"line":129,"column":37}},"type":"cond-expr","locations":[{"start":{"line":128,"column":20},"end":{"line":128,"column":32}},{"start":{"line":129,"column":20},"end":{"line":129,"column":37}}]},"13":{"loc":{"start":{"line":139,"column":4},"end":{"line":139,"column":34}},"type":"if","locations":[{"start":{"line":139,"column":4},"end":{"line":139,"column":34}}]}},"s":{"0":1,"1":1,"2":1,"3":1,"4":1,"5":1,"6":1,"7":1,"8":52,"9":52,"10":52,"11":52,"12":47,"13":2,"14":2,"15":47,"16":1,"17":52,"18":45,"19":1,"20":1,"21":52,"22":44,"23":3,"24":52,"25":52,"26":33,"27":19,"28":52,"29":52,"30":23,"31":29,"32":52,"33":52,"34":46,"35":6,"36":52,"37":1},"f":{"0":52,"1":47,"2":45,"3":44,"4":52,"5":52,"6":52},"b":{"0":[2],"1":[1],"2":[47,1],"3":[1],"4":[45,1],"5":[3],"6":[33],"7":[16,3],"8":[16,3],"9":[23],"10":[27,2],"11":[26,1],"12":[2,0],"13":[46]}}
,"/Users/oleksandr.kaminsky/Desktop/P/battleship/src/selectors/index.ts": {"path":"/Users/oleksandr.kaminsky/Desktop/P/battleship/src/selectors/index.ts","statementMap":{"0":{"start":{"line":1,"column":0},"end":{"line":1,"column":42}},"1":{"start":{"line":7,"column":21},"end":{"line":7,"column":58}},"2":{"start":{"line":7,"column":43},"end":{"line":7,"column":58}},"3":{"start":{"line":8,"column":34},"end":{"line":8,"column":36}},"4":{"start":{"line":10,"column":38},"end":{"line":24,"column":null}},"5":{"start":{"line":11,"column":2},"end":{"line":24,"column":null}},"6":{"start":{"line":12,"column":26},"end":{"line":12,"column":54}},"7":{"start":{"line":14,"column":24},"end":{"line":14,"column":25}},"8":{"start":{"line":15,"column":6},"end":{"line":21,"column":7}},"9":{"start":{"line":16,"column":8},"end":{"line":20,"column":9}},"10":{"start":{"line":17,"column":10},"end":{"line":19,"column":11}},"11":{"start":{"line":18,"column":12},"end":{"line":18,"column":29}},"12":{"start":{"line":23,"column":6},"end":{"line":23,"column":55}},"13":{"start":{"line":10,"column":13},"end":{"line":10,"column":38}},"14":{"start":{"line":27,"column":13},"end":{"line":30,"column":2}},"15":{"start":{"line":28,"column":24},"end":{"line":28,"column":29}},"16":{"start":{"line":29,"column":13},"end":{"line":29,"column":53}},"17":{"start":{"line":32,"column":13},"end":{"line":35,"column":2}},"18":{"start":{"line":33,"column":24},"end":{"line":33,"column":29}},"19":{"start":{"line":34,"column":13},"end":{"line":34,"column":53}},"20":{"start":{"line":37,"column":26},"end":{"line":37,"column":58}},"21":{"start":{"line":37,"column":48},"end":{"line":37,"column":58}},"22":{"start":{"line":38,"column":32},"end":{"line":38,"column":70}},"23":{"start":{"line":38,"column":54},"end":{"line":38,"column":70}},"24":{"start":{"line":40,"column":29},"end":{"line":40,"column":73}},"25":{"start":{"line":40,"column":51},"end":{"line":40,"column":73}},"26":{"start":{"line":40,"column":13},"end":{"line":40,"column":29}},"27":{"start":{"line":42,"column":13},"end":{"line":45,"column":2}},"28":{"start":{"line":44,"column":20},"end":{"line":44,"column":37}},"29":{"start":{"line":47,"column":13},"end":{"line":50,"column":2}},"30":{"start":{"line":49,"column":19},"end":{"line":49,"column":36}},"31":{"start":{"line":52,"column":13},"end":{"line":55,"column":2}},"32":{"start":{"line":54,"column":19},"end":{"line":54,"column":36}},"33":{"start":{"line":57,"column":13},"end":{"line":60,"column":2}},"34":{"start":{"line":59,"column":35},"end":{"line":59,"column":58}},"35":{"start":{"line":62,"column":13},"end":{"line":65,"column":2}},"36":{"start":{"line":64,"column":24},"end":{"line":64,"column":39}},"37":{"start":{"line":67,"column":13},"end":{"line":70,"column":2}},"38":{"start":{"line":69,"column":20},"end":{"line":69,"column":31}}},"fnMap":{"0":{"name":"(anonymous_0)","decl":{"start":{"line":7,"column":21},"end":{"line":7,"column":22}},"loc":{"start":{"line":7,"column":43},"end":{"line":7,"column":58}}},"1":{"name":"(anonymous_1)","decl":{"start":{"line":10,"column":38},"end":{"line":10,"column":39}},"loc":{"start":{"line":11,"column":2},"end":{"line":24,"column":null}}},"2":{"name":"(anonymous_2)","decl":{"start":{"line":12,"column":4},"end":{"line":12,"column":5}},"loc":{"start":{"line":12,"column":26},"end":{"line":12,"column":54}}},"3":{"name":"(anonymous_3)","decl":{"start":{"line":13,"column":4},"end":{"line":13,"column":5}},"loc":{"start":{"line":13,"column":29},"end":{"line":24,"column":5}}},"4":{"name":"(anonymous_4)","decl":{"start":{"line":28,"column":2},"end":{"line":28,"column":3}},"loc":{"start":{"line":28,"column":24},"end":{"line":28,"column":29}}},"5":{"name":"(anonymous_5)","decl":{"start":{"line":29,"column":2},"end":{"line":29,"column":3}},"loc":{"start":{"line":29,"column":13},"end":{"line":29,"column":53}}},"6":{"name":"(anonymous_6)","decl":{"start":{"line":33,"column":2},"end":{"line":33,"column":3}},"loc":{"start":{"line":33,"column":24},"end":{"line":33,"column":29}}},"7":{"name":"(anonymous_7)","decl":{"start":{"line":34,"column":2},"end":{"line":34,"column":3}},"loc":{"start":{"line":34,"column":13},"end":{"line":34,"column":53}}},"8":{"name":"(anonymous_8)","decl":{"start":{"line":37,"column":26},"end":{"line":37,"column":27}},"loc":{"start":{"line":37,"column":48},"end":{"line":37,"column":58}}},"9":{"name":"(anonymous_9)","decl":{"start":{"line":38,"column":32},"end":{"line":38,"column":33}},"loc":{"start":{"line":38,"column":54},"end":{"line":38,"column":70}}},"10":{"name":"(anonymous_10)","decl":{"start":{"line":40,"column":29},"end":{"line":40,"column":30}},"loc":{"start":{"line":40,"column":51},"end":{"line":40,"column":73}}},"11":{"name":"(anonymous_11)","decl":{"start":{"line":44,"column":2},"end":{"line":44,"column":3}},"loc":{"start":{"line":44,"column":20},"end":{"line":44,"column":37}}},"12":{"name":"(anonymous_12)","decl":{"start":{"line":49,"column":2},"end":{"line":49,"column":3}},"loc":{"start":{"line":49,"column":19},"end":{"line":49,"column":36}}},"13":{"name":"(anonymous_13)","decl":{"start":{"line":54,"column":2},"end":{"line":54,"column":3}},"loc":{"start":{"line":54,"column":19},"end":{"line":54,"column":36}}},"14":{"name":"(anonymous_14)","decl":{"start":{"line":59,"column":2},"end":{"line":59,"column":3}},"loc":{"start":{"line":59,"column":35},"end":{"line":59,"column":58}}},"15":{"name":"(anonymous_15)","decl":{"start":{"line":64,"column":2},"end":{"line":64,"column":3}},"loc":{"start":{"line":64,"column":24},"end":{"line":64,"column":39}}},"16":{"name":"(anonymous_16)","decl":{"start":{"line":69,"column":2},"end":{"line":69,"column":3}},"loc":{"start":{"line":69,"column":20},"end":{"line":69,"column":31}}}},"branchMap":{"0":{"loc":{"start":{"line":17,"column":10},"end":{"line":19,"column":11}},"type":"if","locations":[{"start":{"line":17,"column":10},"end":{"line":19,"column":11}}]}},"s":{"0":5,"1":5,"2":4803,"3":5,"4":5,"5":55,"6":110,"7":55,"8":55,"9":483,"10":4803,"11":0,"12":55,"13":5,"14":5,"15":29,"16":27,"17":5,"18":29,"19":27,"20":5,"21":145,"22":5,"23":29,"24":5,"25":44,"26":5,"27":5,"28":23,"29":5,"30":23,"31":5,"32":23,"33":5,"34":8,"35":5,"36":23,"37":5,"38":23},"f":{"0":4803,"1":55,"2":110,"3":55,"4":29,"5":27,"6":29,"7":27,"8":145,"9":29,"10":44,"11":23,"12":23,"13":23,"14":8,"15":23,"16":23},"b":{"0":[0]}}
,"/Users/oleksandr.kaminsky/Desktop/P/battleship/src/store/store.ts": {"path":"/Users/oleksandr.kaminsky/Desktop/P/battleship/src/store/store.ts","statementMap":{"0":{"start":{"line":1,"column":0},"end":{"line":1,"column":50}},"1":{"start":{"line":3,"column":0},"end":{"line":3,"column":61}},"2":{"start":{"line":4,"column":0},"end":{"line":4,"column":49}},"3":{"start":{"line":6,"column":14},"end":{"line":11,"column":2}},"4":{"start":{"line":15,"column":0},"end":{"line":15,"column":21}}},"fnMap":{},"branchMap":{},"s":{"0":1,"1":1,"2":1,"3":1,"4":1},"f":{},"b":{}}
}
