TN:
SF:src/components/index.ts
FNF:0
FNH:0
DA:1,3
DA:2,3
DA:3,3
DA:4,3
DA:5,3
DA:6,3
DA:7,3
DA:8,3
DA:11,3
DA:12,3
DA:13,3
DA:14,3
DA:15,3
DA:16,3
DA:17,3
DA:18,3
LF:16
LH:16
BRF:0
BRH:0
end_of_record
TN:
SF:src/components/Cell/Cell.tsx
FN:16,(anonymous_0)
FNF:1
FNH:1
FNDA:8,(anonymous_0)
DA:1,4
DA:2,4
DA:16,4
DA:26,8
DA:46,8
DA:57,4
LF:6
LH:6
BRF:0
BRH:0
end_of_record
TN:
SF:src/components/Footer/Footer.tsx
FN:3,(anonymous_0)
FNF:1
FNH:1
FNDA:1,(anonymous_0)
DA:1,4
DA:3,4
DA:4,1
DA:18,4
LF:4
LH:4
BRF:0
BRH:0
end_of_record
TN:
SF:src/components/Header/Header.tsx
FN:1,(anonymous_0)
FNF:1
FNH:0
FNDA:0,(anonymous_0)
DA:1,3
DA:2,0
DA:9,3
LF:3
LH:2
BRF:0
BRH:0
end_of_record
TN:
SF:src/components/Modal/Modal.tsx
FN:13,(anonymous_0)
FN:21,(anonymous_1)
FN:38,(anonymous_2)
FN:54,(anonymous_3)
FNF:4
FNH:4
FNDA:8,(anonymous_0)
FNDA:8,(anonymous_1)
FNDA:3,(anonymous_2)
FNDA:8,(anonymous_3)
DA:1,4
DA:13,4
DA:21,8
DA:22,8
DA:24,2
DA:26,3
DA:30,3
DA:34,0
DA:38,8
DA:39,3
DA:41,1
DA:42,1
DA:44,1
DA:45,1
DA:47,1
DA:48,1
DA:50,0
DA:54,8
DA:55,8
DA:57,2
DA:59,3
DA:61,3
DA:63,0
DA:67,8
DA:69,8
DA:84,4
LF:26
LH:23
BRDA:22,0,0,2
BRDA:22,0,1,3
BRDA:22,0,2,3
BRDA:22,0,3,0
BRDA:27,1,0,2
BRDA:27,1,1,1
BRDA:31,2,0,2
BRDA:31,2,1,1
BRDA:39,3,0,1
BRDA:39,3,1,1
BRDA:39,3,2,1
BRDA:39,3,3,0
BRDA:55,4,0,2
BRDA:55,4,1,3
BRDA:55,4,2,3
BRDA:55,4,3,0
BRDA:67,5,0,0
BRF:17
BRH:13
end_of_record
TN:
SF:src/components/PlacementBoard/PlacementBoard.tsx
FN:14,(anonymous_0)
FN:28,(anonymous_1)
FN:40,(anonymous_2)
FN:41,(anonymous_3)
FN:43,(anonymous_4)
FN:51,(anonymous_5)
FN:52,(anonymous_6)
FNF:7
FNH:2
FNDA:50,(anonymous_0)
FNDA:37,(anonymous_1)
FNDA:0,(anonymous_2)
FNDA:0,(anonymous_3)
FNDA:0,(anonymous_4)
FNDA:0,(anonymous_5)
FNDA:0,(anonymous_6)
DA:1,3
DA:3,3
DA:5,3
DA:6,3
DA:14,3
DA:26,50
DA:28,50
DA:35,37
DA:36,37
DA:37,370
DA:38,3700
DA:39,3700
DA:40,0
DA:42,0
DA:43,0
DA:47,37
DA:50,50
DA:52,0
DA:53,0
DA:68,50
DA:70,50
DA:73,3
LF:22
LH:17
BRF:0
BRH:0
end_of_record
TN:
SF:src/components/PlayerBoard/PlayerBoard.tsx
FN:11,(anonymous_0)
FN:12,(anonymous_1)
FN:13,(anonymous_2)
FNF:3
FNH:3
FNDA:45,(anonymous_0)
FNDA:5,(anonymous_1)
FNDA:14,(anonymous_2)
DA:1,3
DA:3,3
DA:5,3
DA:11,3
DA:12,45
DA:13,14
DA:16,45
DA:18,45
DA:21,3
LF:9
LH:9
BRF:0
BRH:0
end_of_record
TN:
SF:src/components/ShipSelection/ShipSelection.tsx
FN:19,(anonymous_0)
FN:25,(anonymous_1)
FN:31,(anonymous_2)
FN:44,(anonymous_3)
FN:47,(anonymous_4)
FN:60,(anonymous_5)
FNF:6
FNH:6
FNDA:30,(anonymous_0)
FNDA:5,(anonymous_1)
FNDA:79,(anonymous_2)
FNDA:5,(anonymous_3)
FNDA:211,(anonymous_4)
FNDA:79,(anonymous_5)
DA:1,4
DA:2,4
DA:4,4
DA:19,4
DA:24,30
DA:26,5
DA:31,30
DA:32,79
DA:40,79
DA:44,5
DA:48,211
DA:58,30
DA:60,79
DA:65,4
LF:14
LH:14
BRDA:40,0,0,76
BRDA:40,0,1,3
BRF:2
BRH:2
end_of_record
TN:
SF:src/components/ShootingBoard/ShootingBoard.tsx
FN:16,(anonymous_0)
FN:24,(anonymous_1)
FN:34,(anonymous_2)
FN:38,(anonymous_3)
FN:43,(anonymous_4)
FN:49,(anonymous_5)
FN:50,(anonymous_6)
FN:51,(anonymous_7)
FN:56,(anonymous_8)
FN:57,(anonymous_9)
FNF:10
FNH:7
FNDA:44,(anonymous_0)
FNDA:0,(anonymous_1)
FNDA:0,(anonymous_2)
FNDA:40,(anonymous_3)
FNDA:0,(anonymous_4)
FNDA:35,(anonymous_5)
FNDA:345,(anonymous_6)
FNDA:3811,(anonymous_7)
FNDA:5,(anonymous_8)
FNDA:22,(anonymous_9)
DA:1,3
DA:2,3
DA:4,3
DA:6,3
DA:7,3
DA:8,3
DA:16,3
DA:21,44
DA:23,44
DA:25,0
DA:27,0
DA:28,0
DA:33,44
DA:34,0
DA:38,44
DA:39,40
DA:40,40
DA:41,400
DA:42,4000
DA:43,4000
DA:46,40
DA:49,44
DA:50,35
DA:51,3811
DA:55,44
DA:57,5
DA:58,22
DA:69,44
DA:71,44
DA:74,3
LF:30
LH:26
BRDA:25,0,0,0
BRDA:51,1,0,116
BRDA:51,1,1,3695
BRF:3
BRH:2
end_of_record
TN:
SF:src/constants/index.ts
FNF:0
FNH:0
DA:1,11
DA:3,11
DA:11,11
LF:3
LH:3
BRF:0
BRH:0
end_of_record
TN:
SF:src/features/gameReducer.ts
FN:28,(anonymous_0)
FN:31,(anonymous_1)
FN:34,(anonymous_2)
FN:41,(anonymous_3)
FN:61,(anonymous_4)
FN:64,(anonymous_5)
FNF:6
FNH:6
FNDA:45,(anonymous_0)
FNDA:4,(anonymous_1)
FNDA:36,(anonymous_2)
FNDA:1,(anonymous_3)
FNDA:3,(anonymous_4)
FNDA:3,(anonymous_5)
DA:1,7
DA:4,7
DA:16,7
DA:24,7
DA:29,45
DA:32,4
DA:35,36
DA:36,19
DA:38,17
DA:42,1
DA:44,1
DA:49,1
DA:50,1
DA:51,0
DA:52,0
DA:55,1
DA:56,1
DA:57,1
DA:62,3
DA:65,3
DA:70,7
DA:78,7
LF:22
LH:20
BRDA:35,0,0,19
BRDA:35,0,1,17
BRDA:44,1,0,1
BRDA:44,1,1,0
BRDA:49,2,0,1
BRDA:49,2,1,0
BRDA:51,3,0,0
BRDA:55,4,0,1
BRF:8
BRH:5
end_of_record
TN:
SF:src/features/selectShipReducer.ts
FN:52,(anonymous_0)
FN:55,(anonymous_1)
FN:56,(anonymous_2)
FN:62,(anonymous_3)
FN:63,(anonymous_4)
FN:67,(anonymous_5)
FNF:6
FNH:6
FNDA:11,(anonymous_0)
FNDA:3,(anonymous_1)
FNDA:3,(anonymous_2)
FNDA:3,(anonymous_3)
FNDA:15,(anonymous_4)
FNDA:3,(anonymous_5)
DA:1,8
DA:4,8
DA:17,8
DA:48,8
DA:53,11
DA:56,3
DA:57,3
DA:58,3
DA:60,3
DA:63,3
DA:64,15
DA:68,3
DA:73,8
DA:76,8
LF:14
LH:14
BRDA:57,0,0,3
BRF:1
BRH:1
end_of_record
TN:
SF:src/helpers/index.ts
FN:5,canPlaceShip
FN:23,placeShip
FN:34,(anonymous_2)
FN:50,initializeBoard
FN:51,(anonymous_4)
FN:57,(anonymous_5)
FNF:6
FNH:6
FNDA:35,canPlaceShip
FNDA:35,placeShip
FNDA:280,(anonymous_2)
FNDA:130,initializeBoard
FNDA:1300,(anonymous_4)
FNDA:3,(anonymous_5)
DA:2,9
DA:6,35
DA:7,24
DA:8,51
DA:9,3
DA:13,11
DA:14,26
DA:15,4
DA:19,28
DA:23,9
DA:29,35
DA:30,7
DA:34,280
DA:36,28
DA:37,21
DA:38,44
DA:41,7
DA:42,17
DA:46,28
DA:50,9
DA:51,130
DA:52,1300
DA:57,9
DA:58,3
DA:59,12
DA:60,102
DA:61,1
DA:65,2
LF:28
LH:28
BRDA:6,0,0,24
BRDA:6,0,1,11
BRDA:8,1,0,3
BRDA:8,2,0,51
BRDA:8,2,1,49
BRDA:14,3,0,4
BRDA:14,4,0,26
BRDA:14,4,1,24
BRDA:29,5,0,7
BRDA:36,6,0,21
BRDA:36,6,1,7
BRDA:60,7,0,1
BRF:12
BRH:12
end_of_record
TN:
SF:src/hooks/index.ts
FN:1,(anonymous_0)
FN:2,(anonymous_1)
FN:3,(anonymous_2)
FN:4,(anonymous_3)
FNF:4
FNH:2
FNDA:50,(anonymous_0)
FNDA:139,(anonymous_1)
FNDA:0,(anonymous_2)
FNDA:0,(anonymous_3)
DA:1,53
DA:2,142
DA:3,3
DA:4,3
LF:4
LH:4
BRF:0
BRH:0
end_of_record
TN:
SF:src/hooks/useBoardRenderer.tsx
FN:4,(anonymous_0)
FN:8,(anonymous_1)
FN:13,(anonymous_2)
FN:19,(anonymous_3)
FNF:4
FNH:4
FNDA:17,(anonymous_0)
FNDA:16,(anonymous_1)
FNDA:44,(anonymous_2)
FNDA:39,(anonymous_3)
DA:1,1
DA:4,1
DA:8,17
DA:9,16
DA:14,44
DA:20,39
DA:31,13
LF:7
LH:7
BRF:0
BRH:0
end_of_record
TN:
SF:src/hooks/useGameState.ts
FN:13,(anonymous_0)
FN:19,(anonymous_1)
FN:25,(anonymous_2)
FN:30,(anonymous_3)
FN:34,(anonymous_4)
FN:39,(anonymous_5)
FN:47,(anonymous_6)
FNF:7
FNH:7
FNDA:37,(anonymous_0)
FNDA:4,(anonymous_1)
FNDA:2,(anonymous_2)
FNDA:2,(anonymous_3)
FNDA:1,(anonymous_4)
FNDA:5,(anonymous_5)
FNDA:5,(anonymous_6)
DA:1,4
DA:2,4
DA:5,4
DA:10,4
DA:13,4
DA:14,37
DA:15,37
DA:16,37
DA:18,37
DA:20,4
DA:25,37
DA:26,2
DA:27,2
DA:30,37
DA:31,2
DA:34,37
DA:35,1
DA:36,1
DA:39,37
DA:40,5
DA:41,5
DA:42,5
DA:47,37
DA:48,5
DA:51,37
LF:25
LH:25
BRDA:43,0,0,4
BRDA:43,0,1,1
BRF:2
BRH:2
end_of_record
TN:
SF:src/hooks/useReduxSelectors.ts
FN:17,(anonymous_0)
FNF:1
FNH:1
FNDA:26,(anonymous_0)
DA:1,4
DA:5,4
DA:17,4
DA:18,26
DA:19,26
DA:22,26
DA:23,26
DA:24,26
DA:26,26
DA:27,26
DA:29,26
DA:32,26
DA:36,26
LF:13
LH:13
BRF:0
BRH:0
end_of_record
TN:
SF:src/hooks/useShipPlacement.ts
FN:10,(anonymous_0)
FN:24,(anonymous_1)
FN:37,(anonymous_2)
FN:43,(anonymous_3)
FN:76,(anonymous_4)
FN:81,(anonymous_5)
FN:87,(anonymous_6)
FN:92,(anonymous_7)
FN:100,(anonymous_8)
FN:106,(anonymous_9)
FN:110,(anonymous_10)
FN:120,(anonymous_11)
FNF:12
FNH:12
FNDA:39,(anonymous_0)
FNDA:24,(anonymous_1)
FNDA:24,(anonymous_2)
FNDA:13,(anonymous_3)
FNDA:14,(anonymous_4)
FNDA:25,(anonymous_5)
FNDA:19,(anonymous_6)
FNDA:7,(anonymous_7)
FNDA:1,(anonymous_8)
FNDA:6,(anonymous_9)
FNDA:6,(anonymous_10)
FNDA:3,(anonymous_11)
DA:1,3
DA:2,3
DA:4,3
DA:6,3
DA:7,3
DA:8,3
DA:10,3
DA:15,39
DA:16,39
DA:17,39
DA:20,39
DA:24,39
DA:25,24
DA:27,20
DA:28,20
DA:37,39
DA:38,24
DA:42,39
DA:44,13
DA:46,13
DA:47,13
DA:49,13
DA:50,10
DA:51,22
DA:55,20
DA:59,3
DA:60,7
DA:65,6
DA:70,13
DA:75,39
DA:77,14
DA:79,13
DA:81,25
DA:85,13
DA:86,9
DA:87,19
DA:89,9
DA:91,4
DA:92,7
DA:94,4
DA:100,39
DA:101,1
DA:102,1
DA:105,39
DA:107,6
DA:108,6
DA:110,6
DA:111,6
DA:114,6
DA:119,39
DA:121,3
DA:123,2
DA:124,2
DA:126,2
DA:128,1
DA:129,1
DA:130,1
DA:132,1
DA:137,39
LF:59
LH:59
BRDA:25,0,0,4
BRDA:25,1,0,24
BRDA:25,1,1,21
BRDA:44,2,0,0
BRDA:49,3,0,10
BRDA:49,3,1,3
BRDA:51,4,0,20
BRDA:52,5,0,22
BRDA:52,5,1,20
BRDA:52,5,2,1
BRDA:60,6,0,6
BRDA:61,7,0,7
BRDA:61,7,1,6
BRDA:61,7,2,6
BRDA:61,7,3,0
BRDA:77,8,0,1
BRDA:81,9,0,13
BRDA:81,9,1,12
BRDA:85,10,0,9
BRDA:85,10,1,4
BRDA:108,11,0,0
BRDA:111,12,0,5
BRDA:111,12,1,1
BRDA:121,13,0,1
BRDA:121,14,0,3
BRDA:121,14,1,2
BRDA:126,15,0,1
BRF:27
BRH:24
end_of_record
TN:
SF:src/pages/Game/Game.tsx
FN:16,(anonymous_0)
FN:43,(anonymous_1)
FN:53,(anonymous_2)
FN:60,(anonymous_3)
FN:66,(anonymous_4)
FN:109,(anonymous_5)
FN:138,(anonymous_6)
FNF:7
FNH:7
FNDA:52,(anonymous_0)
FNDA:47,(anonymous_1)
FNDA:45,(anonymous_2)
FNDA:44,(anonymous_3)
FNDA:52,(anonymous_4)
FNDA:52,(anonymous_5)
FNDA:52,(anonymous_6)
DA:1,1
DA:2,1
DA:3,1
DA:5,1
DA:6,1
DA:13,1
DA:14,1
DA:16,1
DA:17,52
DA:28,52
DA:40,52
DA:43,52
DA:44,47
DA:45,2
DA:46,2
DA:48,47
DA:49,1
DA:53,52
DA:54,45
DA:55,1
DA:56,1
DA:60,52
DA:61,44
DA:62,3
DA:66,52
DA:67,52
DA:69,19
DA:109,52
DA:110,52
DA:112,29
DA:138,52
DA:139,52
DA:141,6
DA:153,52
LF:34
LH:34
BRDA:44,0,0,2
BRDA:48,1,0,1
BRDA:48,2,0,47
BRDA:48,2,1,1
BRDA:54,3,0,1
BRDA:54,4,0,45
BRDA:54,4,1,1
BRDA:61,5,0,3
BRDA:67,6,0,33
BRDA:75,7,0,16
BRDA:75,7,1,3
BRDA:83,8,0,16
BRDA:83,8,1,3
BRDA:110,9,0,23
BRDA:123,10,0,27
BRDA:123,10,1,2
BRDA:124,11,0,26
BRDA:124,11,1,1
BRDA:127,12,0,2
BRDA:127,12,1,0
BRDA:139,13,0,46
BRF:21
BRH:20
end_of_record
TN:
SF:src/selectors/index.ts
FN:7,(anonymous_0)
FN:10,(anonymous_1)
FN:12,(anonymous_2)
FN:13,(anonymous_3)
FN:28,(anonymous_4)
FN:29,(anonymous_5)
FN:33,(anonymous_6)
FN:34,(anonymous_7)
FN:37,(anonymous_8)
FN:38,(anonymous_9)
FN:40,(anonymous_10)
FN:44,(anonymous_11)
FN:49,(anonymous_12)
FN:54,(anonymous_13)
FN:59,(anonymous_14)
FN:64,(anonymous_15)
FN:69,(anonymous_16)
FNF:17
FNH:17
FNDA:4803,(anonymous_0)
FNDA:55,(anonymous_1)
FNDA:110,(anonymous_2)
FNDA:55,(anonymous_3)
FNDA:29,(anonymous_4)
FNDA:27,(anonymous_5)
FNDA:29,(anonymous_6)
FNDA:27,(anonymous_7)
FNDA:145,(anonymous_8)
FNDA:29,(anonymous_9)
FNDA:44,(anonymous_10)
FNDA:23,(anonymous_11)
FNDA:23,(anonymous_12)
FNDA:23,(anonymous_13)
FNDA:8,(anonymous_14)
FNDA:23,(anonymous_15)
FNDA:23,(anonymous_16)
DA:1,5
DA:7,4803
DA:8,5
DA:10,5
DA:11,55
DA:12,110
DA:14,55
DA:15,55
DA:16,483
DA:17,4803
DA:18,0
DA:23,55
DA:27,5
DA:28,29
DA:29,27
DA:32,5
DA:33,29
DA:34,27
DA:37,145
DA:38,29
DA:40,44
DA:42,5
DA:44,23
DA:47,5
DA:49,23
DA:52,5
DA:54,23
DA:57,5
DA:59,8
DA:62,5
DA:64,23
DA:67,5
DA:69,23
LF:33
LH:32
BRDA:17,0,0,0
BRF:1
BRH:0
end_of_record
TN:
SF:src/store/store.ts
FNF:0
FNH:0
DA:1,1
DA:3,1
DA:4,1
DA:6,1
DA:15,1
LF:5
LH:5
BRF:0
BRH:0
end_of_record
